12:59:22 INFO  : Launching XSDB server: xsdb -n /opt/Xilinx/SDK/2015.3/scripts/xsdb/xsdb/xsdb-server.tcl
12:59:23 INFO  : XSDB server has started successfully.
13:00:21 INFO  : Project 'anon_pr_sdk' created. You can now create BSPs and application projects targeting this hardware platform.
13:05:46 INFO  : Refreshed build settings on project anon_pr_app
13:51:34 INFO  : Invoking Bootgen: bootgen -image anon_pr.bif -o /home/einsamer-wolf/Vivado/proj/anon_pr_1/proj/sdk/bootimage/BOOT.bin
13:51:34 INFO  : Creating new bif file /home/einsamer-wolf/Vivado/proj/anon_pr_1/proj/sdk/bootimage/anon_pr.bif
13:51:34 INFO  : Bootgen command execution is done.
14:39:50 INFO  : SDK has detected change in the last modified timestamps for source hardware specification file Source:1465969186000,  Project:1465895619000
14:39:50 INFO  : Project anon_pr_sdk's source hardware specification located at /home/einsamer-wolf/Vivado/proj/anon_pr_1/proj/sdk/anon_pr.hdf is now different from the local copy.
		 The local copy will be replaced with the source specification and your workspace will be updated.
14:40:03 INFO  : Copied contents of /home/einsamer-wolf/Vivado/proj/anon_pr_1/proj/sdk/anon_pr.hdf into /anon_pr_sdk/system.hdf.
14:40:05 INFO  : Synchronizing projects in the workspace with the hardware platform specification changes.
14:40:07 INFO  : 
14:40:08 INFO  : 
14:40:08 INFO  : Updating hardware inferred compiler options for anon_pr_app.
14:40:09 INFO  : Updating hardware inferred compiler options for fsbl.
14:40:09 INFO  : Clearing existing target manager status.
14:40:14 INFO  : Closing and re-opening the MSS file of ther project fsbl_bsp
14:40:16 INFO  : Closing and re-opening the MSS file of ther project anon_pr_app_bsp
14:40:17 INFO  : Closing and re-opening the MSS file of ther project anon_pr_app_bsp
14:40:17 INFO  : Closing and re-opening the MSS file of ther project anon_pr_app_bsp
14:40:17 INFO  : Workspace synchronized with the new hardware specification file. Cleaning dependent projects...
14:40:25 WARN  : Linker script will not be updated automatically. Users need to update it manually.
14:49:06 INFO  : Invoking Bootgen: bootgen -image fsbl.bif -o /home/einsamer-wolf/Vivado/proj/anon_pr_1/proj/sdk/bootimage/BOOT.bin -w on
14:49:06 INFO  : Creating new bif file /home/einsamer-wolf/Vivado/proj/anon_pr_1/proj/sdk/bootimage/fsbl.bif
14:49:06 INFO  : Bootgen command execution is done.
15:17:20 INFO  : Invoking Bootgen: bootgen -image anon_pr.bif -o /home/einsamer-wolf/Vivado/proj/anon_pr_1/proj/sdk/bootimage/BOOT.bin -w on
15:17:20 INFO  : Overwriting existing bif file /home/einsamer-wolf/Vivado/proj/anon_pr_1/proj/sdk/bootimage/anon_pr.bif
15:17:21 INFO  : Bootgen command execution is done.
15:29:28 INFO  : Connected to target on host '127.0.0.1' and port '3121'.
15:29:28 INFO  : 'targets -set -filter {jtag_cable_name =~ "Digilent JTAG-SMT1 210203A02FA2A" && level==0} -index 1' command is executed.
15:29:31 INFO  : FPGA configured successfully with bitstream "/home/einsamer-wolf/Vivado/proj/anon_pr_1/proj/bit_file/noise_hw.bit"
15:36:35 INFO  : 'targets -set -filter {jtag_cable_name =~ "Digilent JTAG-SMT1 210203A02FA2A" && level==0} -index 1' command is executed.
15:36:35 INFO  : 'fpga -state' command is executed.
15:36:40 INFO  : Connected to target on host '127.0.0.1' and port '3121'.
15:36:40 INFO  : 'targets -set -filter {jtag_cable_name =~ "Digilent JTAG-SMT1 210203A02FA2A" && level==0} -index 1' command is executed.
15:36:43 INFO  : FPGA configured successfully with bitstream "/home/einsamer-wolf/Vivado/proj/anon_pr_1/proj/bit_file/noise_hw.bit"
15:36:54 INFO  : 'targets -set -filter {jtag_cable_name =~ "Digilent JTAG-SMT1 210203A02FA2A" && level==0} -index 1' command is executed.
15:36:54 INFO  : 'fpga -state' command is executed.
15:36:54 INFO  : Connected to target on host '127.0.0.1' and port '3121'.
15:36:54 INFO  : Sourcing of '/home/einsamer-wolf/Vivado/proj/anon_pr_1/proj/sdk/anon_pr_sdk/ps7_init.tcl' is done.
15:36:54 INFO  : 'targets -set -filter {name =~"APU" && jtag_cable_name =~ "Digilent JTAG-SMT1 210203A02FA2A"} -index 0' command is executed.
15:36:54 INFO  : Hardware design information is loaded from '/home/einsamer-wolf/Vivado/proj/anon_pr_1/proj/sdk/anon_pr_sdk/system.hdf'.
15:36:55 INFO  : 'targets -set -filter {name =~"APU" && jtag_cable_name =~ "Digilent JTAG-SMT1 210203A02FA2A"} -index 0' command is executed.
15:36:55 INFO  : 'ps7_init' command is executed.
15:36:55 INFO  : 'ps7_post_config' command is executed.
15:36:55 INFO  : Context for processor 'ps7_cortexa9_0' is selected.
15:36:56 INFO  : Processor reset is completed for 'ps7_cortexa9_0'.
15:36:56 INFO  : Context for processor 'ps7_cortexa9_0' is selected.
15:36:56 INFO  : The application '/home/einsamer-wolf/Vivado/proj/anon_pr_1/proj/sdk/fsbl/Debug/fsbl.elf' is downloaded to processor 'ps7_cortexa9_0'.
15:36:56 INFO  : ----------------XSDB Script----------------
connect -url tcp:127.0.0.1:3121
source /home/einsamer-wolf/Vivado/proj/anon_pr_1/proj/sdk/anon_pr_sdk/ps7_init.tcl
targets -set -filter {name =~"APU" && jtag_cable_name =~ "Digilent JTAG-SMT1 210203A02FA2A"} -index 0
loadhw /home/einsamer-wolf/Vivado/proj/anon_pr_1/proj/sdk/anon_pr_sdk/system.hdf
targets -set -filter {name =~"APU" && jtag_cable_name =~ "Digilent JTAG-SMT1 210203A02FA2A"} -index 0
ps7_init
ps7_post_config
targets -set -nocase -filter {name =~ "ARM*#0" && jtag_cable_name =~ "Digilent JTAG-SMT1 210203A02FA2A"} -index 0
rst -processor
targets -set -nocase -filter {name =~ "ARM*#0" && jtag_cable_name =~ "Digilent JTAG-SMT1 210203A02FA2A"} -index 0
dow /home/einsamer-wolf/Vivado/proj/anon_pr_1/proj/sdk/fsbl/Debug/fsbl.elf
----------------End of Script----------------

15:36:56 INFO  : Memory regions updated for context APU
15:36:56 INFO  : Context for processor 'ps7_cortexa9_0' is selected.
15:36:56 INFO  : 'con' command is executed.
15:36:56 INFO  : ----------------XSDB Script (After Launch)----------------
targets -set -nocase -filter {name =~ "ARM*#0" && jtag_cable_name =~ "Digilent JTAG-SMT1 210203A02FA2A"} -index 0
con
----------------End of Script----------------

15:37:22 INFO  : Disconnected from the channel tcfchan#1.
15:37:23 INFO  : 'targets -set -filter {jtag_cable_name =~ "Digilent JTAG-SMT1 210203A02FA2A" && level==0} -index 1' command is executed.
15:37:23 INFO  : 'fpga -state' command is executed.
15:37:23 INFO  : Connected to target on host '127.0.0.1' and port '3121'.
15:37:23 INFO  : Sourcing of '/home/einsamer-wolf/Vivado/proj/anon_pr_1/proj/sdk/anon_pr_sdk/ps7_init.tcl' is done.
15:37:23 INFO  : 'targets -set -filter {name =~"APU" && jtag_cable_name =~ "Digilent JTAG-SMT1 210203A02FA2A"} -index 0' command is executed.
15:37:23 INFO  : Hardware design information is loaded from '/home/einsamer-wolf/Vivado/proj/anon_pr_1/proj/sdk/anon_pr_sdk/system.hdf'.
15:37:24 INFO  : 'targets -set -filter {name =~"APU" && jtag_cable_name =~ "Digilent JTAG-SMT1 210203A02FA2A"} -index 0' command is executed.
15:37:24 INFO  : 'ps7_init' command is executed.
15:37:24 INFO  : 'ps7_post_config' command is executed.
15:37:24 INFO  : Context for processor 'ps7_cortexa9_0' is selected.
15:37:25 INFO  : Processor reset is completed for 'ps7_cortexa9_0'.
15:37:25 INFO  : Context for processor 'ps7_cortexa9_0' is selected.
15:37:25 INFO  : The application '/home/einsamer-wolf/Vivado/proj/anon_pr_1/proj/sdk/anon_pr_app/Debug/anon_pr_app.elf' is downloaded to processor 'ps7_cortexa9_0'.
15:37:25 INFO  : ----------------XSDB Script----------------
connect -url tcp:127.0.0.1:3121
source /home/einsamer-wolf/Vivado/proj/anon_pr_1/proj/sdk/anon_pr_sdk/ps7_init.tcl
targets -set -filter {name =~"APU" && jtag_cable_name =~ "Digilent JTAG-SMT1 210203A02FA2A"} -index 0
loadhw /home/einsamer-wolf/Vivado/proj/anon_pr_1/proj/sdk/anon_pr_sdk/system.hdf
targets -set -filter {name =~"APU" && jtag_cable_name =~ "Digilent JTAG-SMT1 210203A02FA2A"} -index 0
ps7_init
ps7_post_config
targets -set -nocase -filter {name =~ "ARM*#0" && jtag_cable_name =~ "Digilent JTAG-SMT1 210203A02FA2A"} -index 0
rst -processor
targets -set -nocase -filter {name =~ "ARM*#0" && jtag_cable_name =~ "Digilent JTAG-SMT1 210203A02FA2A"} -index 0
dow /home/einsamer-wolf/Vivado/proj/anon_pr_1/proj/sdk/anon_pr_app/Debug/anon_pr_app.elf
----------------End of Script----------------

15:37:25 INFO  : Memory regions updated for context APU
15:37:25 INFO  : Context for processor 'ps7_cortexa9_0' is selected.
15:37:25 INFO  : 'con' command is executed.
15:37:25 INFO  : ----------------XSDB Script (After Launch)----------------
targets -set -nocase -filter {name =~ "ARM*#0" && jtag_cable_name =~ "Digilent JTAG-SMT1 210203A02FA2A"} -index 0
con
----------------End of Script----------------

15:39:11 INFO  : Connected to target on host '127.0.0.1' and port '3121'.
15:39:11 INFO  : 'targets -set -filter {jtag_cable_name =~ "Digilent JTAG-SMT1 210203A02FA2A" && level==0} -index 1' command is executed.
15:39:13 INFO  : FPGA configured successfully with bitstream "/home/einsamer-wolf/Vivado/proj/anon_pr_1/proj/bit_file/swap_hw.bit"
15:39:21 INFO  : Disconnected from the channel tcfchan#2.
15:39:22 INFO  : 'targets -set -filter {jtag_cable_name =~ "Digilent JTAG-SMT1 210203A02FA2A" && level==0} -index 1' command is executed.
15:39:22 INFO  : 'fpga -state' command is executed.
15:39:22 INFO  : Connected to target on host '127.0.0.1' and port '3121'.
15:39:22 INFO  : Sourcing of '/home/einsamer-wolf/Vivado/proj/anon_pr_1/proj/sdk/anon_pr_sdk/ps7_init.tcl' is done.
15:39:23 INFO  : 'targets -set -filter {name =~"APU" && jtag_cable_name =~ "Digilent JTAG-SMT1 210203A02FA2A"} -index 0' command is executed.
15:39:23 INFO  : Hardware design information is loaded from '/home/einsamer-wolf/Vivado/proj/anon_pr_1/proj/sdk/anon_pr_sdk/system.hdf'.
15:39:23 INFO  : 'targets -set -filter {name =~"APU" && jtag_cable_name =~ "Digilent JTAG-SMT1 210203A02FA2A"} -index 0' command is executed.
15:39:24 INFO  : 'ps7_init' command is executed.
15:39:24 INFO  : 'ps7_post_config' command is executed.
15:39:24 INFO  : Context for processor 'ps7_cortexa9_0' is selected.
15:39:24 INFO  : Processor reset is completed for 'ps7_cortexa9_0'.
15:39:24 INFO  : Context for processor 'ps7_cortexa9_0' is selected.
15:39:25 INFO  : The application '/home/einsamer-wolf/Vivado/proj/anon_pr_1/proj/sdk/fsbl/Debug/fsbl.elf' is downloaded to processor 'ps7_cortexa9_0'.
15:39:25 INFO  : ----------------XSDB Script----------------
connect -url tcp:127.0.0.1:3121
source /home/einsamer-wolf/Vivado/proj/anon_pr_1/proj/sdk/anon_pr_sdk/ps7_init.tcl
targets -set -filter {name =~"APU" && jtag_cable_name =~ "Digilent JTAG-SMT1 210203A02FA2A"} -index 0
loadhw /home/einsamer-wolf/Vivado/proj/anon_pr_1/proj/sdk/anon_pr_sdk/system.hdf
targets -set -filter {name =~"APU" && jtag_cable_name =~ "Digilent JTAG-SMT1 210203A02FA2A"} -index 0
ps7_init
ps7_post_config
targets -set -nocase -filter {name =~ "ARM*#0" && jtag_cable_name =~ "Digilent JTAG-SMT1 210203A02FA2A"} -index 0
rst -processor
targets -set -nocase -filter {name =~ "ARM*#0" && jtag_cable_name =~ "Digilent JTAG-SMT1 210203A02FA2A"} -index 0
dow /home/einsamer-wolf/Vivado/proj/anon_pr_1/proj/sdk/fsbl/Debug/fsbl.elf
----------------End of Script----------------

15:39:25 INFO  : Memory regions updated for context APU
15:39:25 INFO  : Context for processor 'ps7_cortexa9_0' is selected.
15:39:25 INFO  : 'con' command is executed.
15:39:25 INFO  : ----------------XSDB Script (After Launch)----------------
targets -set -nocase -filter {name =~ "ARM*#0" && jtag_cable_name =~ "Digilent JTAG-SMT1 210203A02FA2A"} -index 0
con
----------------End of Script----------------

15:39:30 INFO  : Disconnected from the channel tcfchan#3.
15:39:31 INFO  : 'targets -set -filter {jtag_cable_name =~ "Digilent JTAG-SMT1 210203A02FA2A" && level==0} -index 1' command is executed.
15:39:31 INFO  : 'fpga -state' command is executed.
15:39:31 INFO  : Connected to target on host '127.0.0.1' and port '3121'.
15:39:31 INFO  : Sourcing of '/home/einsamer-wolf/Vivado/proj/anon_pr_1/proj/sdk/anon_pr_sdk/ps7_init.tcl' is done.
15:39:32 INFO  : 'targets -set -filter {name =~"APU" && jtag_cable_name =~ "Digilent JTAG-SMT1 210203A02FA2A"} -index 0' command is executed.
15:39:32 INFO  : Hardware design information is loaded from '/home/einsamer-wolf/Vivado/proj/anon_pr_1/proj/sdk/anon_pr_sdk/system.hdf'.
15:39:32 INFO  : 'targets -set -filter {name =~"APU" && jtag_cable_name =~ "Digilent JTAG-SMT1 210203A02FA2A"} -index 0' command is executed.
15:39:32 INFO  : 'ps7_init' command is executed.
15:39:32 INFO  : 'ps7_post_config' command is executed.
15:39:33 INFO  : Context for processor 'ps7_cortexa9_0' is selected.
15:39:33 INFO  : Processor reset is completed for 'ps7_cortexa9_0'.
15:39:33 INFO  : Context for processor 'ps7_cortexa9_0' is selected.
15:39:33 INFO  : The application '/home/einsamer-wolf/Vivado/proj/anon_pr_1/proj/sdk/anon_pr_app/Debug/anon_pr_app.elf' is downloaded to processor 'ps7_cortexa9_0'.
15:39:33 INFO  : ----------------XSDB Script----------------
connect -url tcp:127.0.0.1:3121
source /home/einsamer-wolf/Vivado/proj/anon_pr_1/proj/sdk/anon_pr_sdk/ps7_init.tcl
targets -set -filter {name =~"APU" && jtag_cable_name =~ "Digilent JTAG-SMT1 210203A02FA2A"} -index 0
loadhw /home/einsamer-wolf/Vivado/proj/anon_pr_1/proj/sdk/anon_pr_sdk/system.hdf
targets -set -filter {name =~"APU" && jtag_cable_name =~ "Digilent JTAG-SMT1 210203A02FA2A"} -index 0
ps7_init
ps7_post_config
targets -set -nocase -filter {name =~ "ARM*#0" && jtag_cable_name =~ "Digilent JTAG-SMT1 210203A02FA2A"} -index 0
rst -processor
targets -set -nocase -filter {name =~ "ARM*#0" && jtag_cable_name =~ "Digilent JTAG-SMT1 210203A02FA2A"} -index 0
dow /home/einsamer-wolf/Vivado/proj/anon_pr_1/proj/sdk/anon_pr_app/Debug/anon_pr_app.elf
----------------End of Script----------------

15:39:34 INFO  : Memory regions updated for context APU
15:39:34 INFO  : Context for processor 'ps7_cortexa9_0' is selected.
15:39:34 INFO  : 'con' command is executed.
15:39:34 INFO  : ----------------XSDB Script (After Launch)----------------
targets -set -nocase -filter {name =~ "ARM*#0" && jtag_cable_name =~ "Digilent JTAG-SMT1 210203A02FA2A"} -index 0
con
----------------End of Script----------------

15:40:16 INFO  : Connected to target on host '127.0.0.1' and port '3121'.
15:40:17 INFO  : 'targets -set -filter {jtag_cable_name =~ "Digilent JTAG-SMT1 210203A02FA2A" && level==0} -index 1' command is executed.
15:40:19 INFO  : FPGA configured successfully with bitstream "/home/einsamer-wolf/Vivado/proj/anon_pr_1/proj/bit_file/mask_hw.bit"
15:40:24 INFO  : Disconnected from the channel tcfchan#4.
15:40:25 INFO  : 'targets -set -filter {jtag_cable_name =~ "Digilent JTAG-SMT1 210203A02FA2A" && level==0} -index 1' command is executed.
15:40:25 INFO  : 'fpga -state' command is executed.
15:40:25 INFO  : Connected to target on host '127.0.0.1' and port '3121'.
15:40:25 INFO  : Sourcing of '/home/einsamer-wolf/Vivado/proj/anon_pr_1/proj/sdk/anon_pr_sdk/ps7_init.tcl' is done.
15:40:25 INFO  : 'targets -set -filter {name =~"APU" && jtag_cable_name =~ "Digilent JTAG-SMT1 210203A02FA2A"} -index 0' command is executed.
15:40:26 INFO  : Hardware design information is loaded from '/home/einsamer-wolf/Vivado/proj/anon_pr_1/proj/sdk/anon_pr_sdk/system.hdf'.
15:40:26 INFO  : 'targets -set -filter {name =~"APU" && jtag_cable_name =~ "Digilent JTAG-SMT1 210203A02FA2A"} -index 0' command is executed.
15:40:26 INFO  : 'ps7_init' command is executed.
15:40:26 INFO  : 'ps7_post_config' command is executed.
15:40:27 INFO  : Context for processor 'ps7_cortexa9_0' is selected.
15:40:27 INFO  : Processor reset is completed for 'ps7_cortexa9_0'.
15:40:27 INFO  : Context for processor 'ps7_cortexa9_0' is selected.
15:40:27 INFO  : The application '/home/einsamer-wolf/Vivado/proj/anon_pr_1/proj/sdk/fsbl/Debug/fsbl.elf' is downloaded to processor 'ps7_cortexa9_0'.
15:40:27 INFO  : ----------------XSDB Script----------------
connect -url tcp:127.0.0.1:3121
source /home/einsamer-wolf/Vivado/proj/anon_pr_1/proj/sdk/anon_pr_sdk/ps7_init.tcl
targets -set -filter {name =~"APU" && jtag_cable_name =~ "Digilent JTAG-SMT1 210203A02FA2A"} -index 0
loadhw /home/einsamer-wolf/Vivado/proj/anon_pr_1/proj/sdk/anon_pr_sdk/system.hdf
targets -set -filter {name =~"APU" && jtag_cable_name =~ "Digilent JTAG-SMT1 210203A02FA2A"} -index 0
ps7_init
ps7_post_config
targets -set -nocase -filter {name =~ "ARM*#0" && jtag_cable_name =~ "Digilent JTAG-SMT1 210203A02FA2A"} -index 0
rst -processor
targets -set -nocase -filter {name =~ "ARM*#0" && jtag_cable_name =~ "Digilent JTAG-SMT1 210203A02FA2A"} -index 0
dow /home/einsamer-wolf/Vivado/proj/anon_pr_1/proj/sdk/fsbl/Debug/fsbl.elf
----------------End of Script----------------

15:40:27 INFO  : Memory regions updated for context APU
15:40:28 INFO  : Context for processor 'ps7_cortexa9_0' is selected.
15:40:28 INFO  : 'con' command is executed.
15:40:28 INFO  : ----------------XSDB Script (After Launch)----------------
targets -set -nocase -filter {name =~ "ARM*#0" && jtag_cable_name =~ "Digilent JTAG-SMT1 210203A02FA2A"} -index 0
con
----------------End of Script----------------

15:40:32 INFO  : Disconnected from the channel tcfchan#5.
15:40:33 INFO  : 'targets -set -filter {jtag_cable_name =~ "Digilent JTAG-SMT1 210203A02FA2A" && level==0} -index 1' command is executed.
15:40:33 INFO  : 'fpga -state' command is executed.
15:40:33 INFO  : Connected to target on host '127.0.0.1' and port '3121'.
15:40:33 INFO  : Sourcing of '/home/einsamer-wolf/Vivado/proj/anon_pr_1/proj/sdk/anon_pr_sdk/ps7_init.tcl' is done.
15:40:33 INFO  : 'targets -set -filter {name =~"APU" && jtag_cable_name =~ "Digilent JTAG-SMT1 210203A02FA2A"} -index 0' command is executed.
15:40:33 INFO  : Hardware design information is loaded from '/home/einsamer-wolf/Vivado/proj/anon_pr_1/proj/sdk/anon_pr_sdk/system.hdf'.
15:40:34 INFO  : 'targets -set -filter {name =~"APU" && jtag_cable_name =~ "Digilent JTAG-SMT1 210203A02FA2A"} -index 0' command is executed.
15:40:34 INFO  : 'ps7_init' command is executed.
15:40:34 INFO  : 'ps7_post_config' command is executed.
15:40:34 INFO  : Context for processor 'ps7_cortexa9_0' is selected.
15:40:35 INFO  : Processor reset is completed for 'ps7_cortexa9_0'.
15:40:35 INFO  : Context for processor 'ps7_cortexa9_0' is selected.
15:40:35 INFO  : The application '/home/einsamer-wolf/Vivado/proj/anon_pr_1/proj/sdk/anon_pr_app/Debug/anon_pr_app.elf' is downloaded to processor 'ps7_cortexa9_0'.
15:40:35 INFO  : ----------------XSDB Script----------------
connect -url tcp:127.0.0.1:3121
source /home/einsamer-wolf/Vivado/proj/anon_pr_1/proj/sdk/anon_pr_sdk/ps7_init.tcl
targets -set -filter {name =~"APU" && jtag_cable_name =~ "Digilent JTAG-SMT1 210203A02FA2A"} -index 0
loadhw /home/einsamer-wolf/Vivado/proj/anon_pr_1/proj/sdk/anon_pr_sdk/system.hdf
targets -set -filter {name =~"APU" && jtag_cable_name =~ "Digilent JTAG-SMT1 210203A02FA2A"} -index 0
ps7_init
ps7_post_config
targets -set -nocase -filter {name =~ "ARM*#0" && jtag_cable_name =~ "Digilent JTAG-SMT1 210203A02FA2A"} -index 0
rst -processor
targets -set -nocase -filter {name =~ "ARM*#0" && jtag_cable_name =~ "Digilent JTAG-SMT1 210203A02FA2A"} -index 0
dow /home/einsamer-wolf/Vivado/proj/anon_pr_1/proj/sdk/anon_pr_app/Debug/anon_pr_app.elf
----------------End of Script----------------

15:40:35 INFO  : Memory regions updated for context APU
15:40:35 INFO  : Context for processor 'ps7_cortexa9_0' is selected.
15:40:35 INFO  : 'con' command is executed.
15:40:35 INFO  : ----------------XSDB Script (After Launch)----------------
targets -set -nocase -filter {name =~ "ARM*#0" && jtag_cable_name =~ "Digilent JTAG-SMT1 210203A02FA2A"} -index 0
con
----------------End of Script----------------

16:18:22 INFO  : Invoking Bootgen: bootgen -image anon_pr.bif -o /home/einsamer-wolf/Vivado/proj/anon_pr_1/proj/sdk/bootimage/BOOT.bin -w on
16:18:22 INFO  : Overwriting existing bif file /home/einsamer-wolf/Vivado/proj/anon_pr_1/proj/sdk/bootimage/anon_pr.bif
16:18:22 INFO  : Bootgen command execution is done.
16:29:54 INFO  : Launching XSDB server: xsdb -n /opt/Xilinx/SDK/2015.3/scripts/xsdb/xsdb/xsdb-server.tcl
16:29:55 INFO  : XSDB server has started successfully.
18:35:16 INFO  : Launching XSDB server: xsdb -n /opt/Xilinx/SDK/2015.3/scripts/xsdb/xsdb/xsdb-server.tcl
18:35:17 INFO  : XSDB server has started successfully.
18:37:50 INFO  : Invoking Bootgen: bootgen -image anon_pr.bif -o /home/einsamer-wolf/Vivado/proj/anon_pr_1/proj/sdk/bootimage/BOOT.bin -w on
18:37:50 INFO  : Overwriting existing bif file /home/einsamer-wolf/Vivado/proj/anon_pr_1/proj/sdk/bootimage/anon_pr.bif
18:37:51 INFO  : Bootgen command execution is done.
18:40:39 INFO  : Invoking Bootgen: bootgen -image anon_pr.bif -o /home/einsamer-wolf/Vivado/proj/anon_pr_1/proj/sdk/bootimage/BOOT.bin -w on
18:40:39 INFO  : Overwriting existing bif file /home/einsamer-wolf/Vivado/proj/anon_pr_1/proj/sdk/bootimage/anon_pr.bif
18:40:40 INFO  : Bootgen command execution is done.
18:47:04 INFO  : Invoking Bootgen: bootgen -image anon_pr.bif -o /home/einsamer-wolf/Vivado/proj/anon_pr_1/proj/sdk/bootimage/BOOT.bin -w on
18:47:04 INFO  : Overwriting existing bif file /home/einsamer-wolf/Vivado/proj/anon_pr_1/proj/sdk/bootimage/anon_pr.bif
18:47:04 INFO  : Bootgen command execution is done.
18:57:59 INFO  : Invoking Bootgen: bootgen -image anon_pr.bif -o /home/einsamer-wolf/Vivado/proj/anon_pr_1/proj/sdk/bootimage/BOOT.bin -w on
18:57:59 INFO  : Overwriting existing bif file /home/einsamer-wolf/Vivado/proj/anon_pr_1/proj/sdk/bootimage/anon_pr.bif
18:58:00 INFO  : Bootgen command execution is done.
19:04:48 INFO  : Invoking Bootgen: bootgen -image anon_pr.bif -o /home/einsamer-wolf/Vivado/proj/anon_pr_1/proj/sdk/bootimage/BOOT.bin -w on
19:04:48 INFO  : Overwriting existing bif file /home/einsamer-wolf/Vivado/proj/anon_pr_1/proj/sdk/bootimage/anon_pr.bif
19:04:48 INFO  : Bootgen command execution is done.
11:36:55 INFO  : Invoking Bootgen: bootgen -image anon_pr.bif -o /home/einsamer-wolf/Vivado/proj/anon_pr_1/proj/sdk/bootimage/BOOT.bin -w on
11:36:55 INFO  : Overwriting existing bif file /home/einsamer-wolf/Vivado/proj/anon_pr_1/proj/sdk/bootimage/anon_pr.bif
11:36:56 INFO  : Bootgen command execution is done.
11:43:27 INFO  : Invoking Bootgen: bootgen -image anon_pr.bif -o /home/einsamer-wolf/Vivado/proj/anon_pr_1/proj/sdk/bootimage/BOOT.bin -w on
11:43:27 INFO  : Overwriting existing bif file /home/einsamer-wolf/Vivado/proj/anon_pr_1/proj/sdk/bootimage/anon_pr.bif
11:43:27 INFO  : Bootgen command execution is done.
11:46:36 INFO  : Invoking Bootgen: bootgen -image anon_pr.bif -o /home/einsamer-wolf/Vivado/proj/anon_pr_1/proj/sdk/bootimage/BOOT.bin -w on
11:46:36 INFO  : Overwriting existing bif file /home/einsamer-wolf/Vivado/proj/anon_pr_1/proj/sdk/bootimage/anon_pr.bif
11:46:36 INFO  : Bootgen command execution is done.
11:52:04 INFO  : Invoking Bootgen: bootgen -image anon_pr.bif -o /home/einsamer-wolf/Vivado/proj/anon_pr_1/proj/sdk/bootimage/BOOT.bin -w on
11:52:04 INFO  : Overwriting existing bif file /home/einsamer-wolf/Vivado/proj/anon_pr_1/proj/sdk/bootimage/anon_pr.bif
11:52:04 INFO  : Bootgen command execution is done.
11:55:53 INFO  : Invoking Bootgen: bootgen -image anon_pr.bif -o /home/einsamer-wolf/Vivado/proj/anon_pr_1/proj/sdk/bootimage/BOOT.bin -w on
11:55:53 INFO  : Overwriting existing bif file /home/einsamer-wolf/Vivado/proj/anon_pr_1/proj/sdk/bootimage/anon_pr.bif
11:55:54 INFO  : Bootgen command execution is done.
11:57:36 INFO  : Invoking Bootgen: bootgen -image anon_pr.bif -o /home/einsamer-wolf/Vivado/proj/anon_pr_1/proj/sdk/bootimage/BOOT.bin -w on
11:57:36 INFO  : Overwriting existing bif file /home/einsamer-wolf/Vivado/proj/anon_pr_1/proj/sdk/bootimage/anon_pr.bif
11:57:37 INFO  : Bootgen command execution is done.
11:59:42 INFO  : Invoking Bootgen: bootgen -image anon_pr.bif -o /home/einsamer-wolf/Vivado/proj/anon_pr_1/proj/sdk/bootimage/BOOT.bin -w on
11:59:42 INFO  : Overwriting existing bif file /home/einsamer-wolf/Vivado/proj/anon_pr_1/proj/sdk/bootimage/anon_pr.bif
11:59:43 INFO  : Bootgen command execution is done.
12:01:44 INFO  : Invoking Bootgen: bootgen -image anon_pr.bif -o /home/einsamer-wolf/Vivado/proj/anon_pr_1/proj/sdk/bootimage/BOOT.bin -w on
12:01:44 INFO  : Overwriting existing bif file /home/einsamer-wolf/Vivado/proj/anon_pr_1/proj/sdk/bootimage/anon_pr.bif
12:01:45 INFO  : Bootgen command execution is done.
12:03:47 INFO  : Invoking Bootgen: bootgen -image anon_pr.bif -o /home/einsamer-wolf/Vivado/proj/anon_pr_1/proj/sdk/bootimage/BOOT.bin -w on
12:03:47 INFO  : Overwriting existing bif file /home/einsamer-wolf/Vivado/proj/anon_pr_1/proj/sdk/bootimage/anon_pr.bif
12:03:48 INFO  : Bootgen command execution is done.
12:08:38 INFO  : Invoking Bootgen: bootgen -image anon_pr.bif -o /home/einsamer-wolf/Vivado/proj/anon_pr_1/proj/sdk/bootimage/BOOT.bin -w on
12:08:38 INFO  : Overwriting existing bif file /home/einsamer-wolf/Vivado/proj/anon_pr_1/proj/sdk/bootimage/anon_pr.bif
12:08:38 INFO  : Bootgen command execution is done.
12:10:59 INFO  : Invoking Bootgen: bootgen -image anon_pr.bif -o /home/einsamer-wolf/Vivado/proj/anon_pr_1/proj/sdk/bootimage/BOOT.bin -w on
12:10:59 INFO  : Overwriting existing bif file /home/einsamer-wolf/Vivado/proj/anon_pr_1/proj/sdk/bootimage/anon_pr.bif
12:11:00 INFO  : Bootgen command execution is done.
12:27:58 INFO  : Invoking Bootgen: bootgen -image anon_pr.bif -o /home/einsamer-wolf/Vivado/proj/anon_pr_1/proj/sdk/bootimage/BOOT.bin -w on
12:27:58 INFO  : Overwriting existing bif file /home/einsamer-wolf/Vivado/proj/anon_pr_1/proj/sdk/bootimage/anon_pr.bif
12:27:58 INFO  : Bootgen command execution is done.
10:12:29 INFO  : Launching XSDB server: xsdb -n /opt/Xilinx/SDK/2015.3/scripts/xsdb/xsdb/xsdb-server.tcl
10:12:30 INFO  : XSDB server has started successfully.
10:14:45 INFO  : Saving repository preferences.
10:14:45 INFO  : Reading in cores from local repositories: 
		 /home/einsamer-wolf/zynq_os/device-tree-xlnx
10:14:45 INFO  : Cleaning BSP projects in the workspace.
10:14:47 INFO  : Saving repository preferences.
10:17:22 ERROR : (XSDB Server)ERROR: [Hsi 55-1545] Problem running tcl command ::sw_axi_dma::generate : ERROR: axi_dma_0: mm2s_introut port is not connected
    while executing
"error "ERROR: ${drv_handle}: mm2s_introut port is not connected""
    (procedure "::sw_axi_dma::generate" line 49)
    invoked from within
"::sw_axi_dma::generate axi_dma_0"
ERROR: [Hsi 55-1442] Error(s) while running TCL procedure generate()

10:17:22 ERROR : (XSDB Server)ERROR: [Hsi 55-1450] Error: running generate_bsp.

10:17:22 ERROR : Error generating bsp sources: Failed in generating sources
10:17:22 ERROR : Failed to generate sources for BSP project device_tree_bsp_0
org.eclipse.core.runtime.CoreException: Internal error occurred while generating bsp sources. Please check the SDK Log view for further details.
	at com.xilinx.sdk.sw.ui.handlers.RegenBspSourcesHandler.internalGenerateBsp(RegenBspSourcesHandler.java:178)
	at com.xilinx.sdk.sw.ui.handlers.RegenBspSourcesHandler.access$2(RegenBspSourcesHandler.java:163)
	at com.xilinx.sdk.sw.ui.handlers.RegenBspSourcesHandler$1$1.run(RegenBspSourcesHandler.java:131)
	at org.eclipse.core.internal.resources.Workspace.run(Workspace.java:2345)
	at com.xilinx.sdk.sw.ui.handlers.RegenBspSourcesHandler$1.run(RegenBspSourcesHandler.java:135)
	at org.eclipse.jface.operation.ModalContext$ModalContextThread.run(ModalContext.java:121)
12:19:59 INFO  : Launching XSDB server: xsdb -n /opt/Xilinx/SDK/2015.3/scripts/xsdb/xsdb/xsdb-server.tcl
12:20:01 INFO  : XSDB server has started successfully.
12:20:09 INFO  : Restoring local repository preferences: 
		 /home/einsamer-wolf/zynq_os/device-tree-xlnx
12:20:20 ERROR : (XSDB Server)ERROR: [Hsi 55-1545] Problem running tcl command ::sw_axi_dma::generate : ERROR: axi_dma_0: mm2s_introut port is not connected
    while executing
"error "ERROR: ${drv_handle}: mm2s_introut port is not connected""
    (procedure "::sw_axi_dma::generate" line 49)
    invoked from within
"::sw_axi_dma::generate axi_dma_0"
ERROR: [Hsi 55-1442] Error(s) while running TCL procedure generate()

12:20:20 ERROR : (XSDB Server)ERROR: [Hsi 55-1450] Error: running generate_bsp.

12:20:20 ERROR : Failed in generating sources
12:20:20 INFO  : BSP Project P/device_tree_bsp_0 has been successfully migrated.
12:21:56 INFO  : Launching XSDB server: xsdb -n /opt/Xilinx/SDK/2015.3/scripts/xsdb/xsdb/xsdb-server.tcl
12:21:57 INFO  : XSDB server has started successfully.
12:21:58 INFO  : Restoring local repository preferences: 
		 /home/einsamer-wolf/zynq_os/device-tree-xlnx
12:22:01 ERROR : (XSDB Server)ERROR: [Hsi 55-1545] Problem running tcl command ::sw_axi_dma::generate : ERROR: axi_dma_0: mm2s_introut port is not connected
    while executing
"error "ERROR: ${drv_handle}: mm2s_introut port is not connected""
    (procedure "::sw_axi_dma::generate" line 49)
    invoked from within
"::sw_axi_dma::generate axi_dma_0"
ERROR: [Hsi 55-1442] Error(s) while running TCL procedure generate()

12:22:01 ERROR : (XSDB Server)ERROR: [Hsi 55-1450] Error: running generate_bsp.

12:22:01 ERROR : Failed in generating sources
12:22:01 INFO  : BSP Project P/device_tree_bsp_0 has been successfully migrated.
12:22:46 INFO  : No changes in MSS file content so not generating sources.
12:28:23 ERROR : (XSDB Server)ERROR: [Hsi 55-1545] Problem running tcl command ::sw_axidma_v9_0::generate : couldn't open "../../include/xparameters.h": no such file or directory
    while executing
"open $filename a"
    (procedure "::hsi::utils::open_include_file" line 3)
    invoked from within
"::hsi::utils::open_include_file $file_name"
    (procedure "::hsi::utils::define_include_file" line 4)
    invoked from within
"::hsi::utils::define_include_file $drv_handle "xparameters.h" "XAxiDma" "NUM_INSTANCES" "DEVICE_ID" "C_BASEADDR" "C_HIGHADDR" "C_SG_INCLUDE_STSCNTRL_S..."
    (procedure "::sw_axidma_v9_0::generate" line 2)
    invoked from within
"::sw_axidma_v9_0::generate axi_dma_0"
ERROR: [Hsi 55-1442] Error(s) while running TCL procedure generate()

12:28:23 ERROR : (XSDB Server)ERROR: [Hsi 55-1450] Error: running generate_bsp.

12:28:24 ERROR : Error generating bsp sources: Failed in generating sources
12:28:24 ERROR : Failed to regenerate sources for BSP project device_tree_bsp_0
org.eclipse.core.runtime.CoreException: Internal error occurred while generating bsp sources. Please check the SDK Log view for further details.
	at com.xilinx.sdk.sw.ui.handlers.RegenBspSourcesHandler.internalGenerateBsp(RegenBspSourcesHandler.java:178)
	at com.xilinx.sdk.sw.ui.handlers.RegenBspSourcesHandler.access$2(RegenBspSourcesHandler.java:163)
	at com.xilinx.sdk.sw.ui.handlers.RegenBspSourcesHandler$1$1.run(RegenBspSourcesHandler.java:131)
	at org.eclipse.core.internal.resources.Workspace.run(Workspace.java:2345)
	at com.xilinx.sdk.sw.ui.handlers.RegenBspSourcesHandler$1.run(RegenBspSourcesHandler.java:135)
	at org.eclipse.jface.operation.ModalContext$ModalContextThread.run(ModalContext.java:121)
12:28:49 ERROR : (XSDB Server)ERROR: [Hsi 55-1395] axi_dma is not Valid Driver for axi_dma_0

12:28:49 ERROR : (SwPlatform) Failed to call setDriver
Reason: ERROR: [Common 17-39] 'set_property' failed due to earlier errors.

12:28:59 INFO  : No changes in MSS file content so not generating sources.
12:29:34 ERROR : (XSDB Server)ERROR: [Hsi 55-1395] axi_dma is not Valid Driver for axi_dma_0

12:29:34 ERROR : (SwPlatform) Failed to call setDriver
Reason: ERROR: [Common 17-39] 'set_property' failed due to earlier errors.

12:29:42 INFO  : No changes in MSS file content so not generating sources.
12:29:48 ERROR : (XSDB Server)ERROR: [Hsi 55-1545] Problem running tcl command ::sw_axidma_v9_0::generate : couldn't open "../../include/xparameters.h": no such file or directory
    while executing
"open $filename a"
    (procedure "::hsi::utils::open_include_file" line 3)
    invoked from within
"::hsi::utils::open_include_file $file_name"
    (procedure "::hsi::utils::define_include_file" line 4)
    invoked from within
"::hsi::utils::define_include_file $drv_handle "xparameters.h" "XAxiDma" "NUM_INSTANCES" "DEVICE_ID" "C_BASEADDR" "C_HIGHADDR" "C_SG_INCLUDE_STSCNTRL_S..."
    (procedure "::sw_axidma_v9_0::generate" line 2)
    invoked from within
"::sw_axidma_v9_0::generate axi_dma_0"
ERROR: [Hsi 55-1442] Error(s) while running TCL procedure generate()

12:29:48 ERROR : (XSDB Server)ERROR: [Hsi 55-1450] Error: running generate_bsp.

12:29:48 ERROR : Error generating bsp sources: Failed in generating sources
12:29:48 ERROR : Failed to regenerate sources for BSP project device_tree_bsp_0
org.eclipse.core.runtime.CoreException: Internal error occurred while generating bsp sources. Please check the SDK Log view for further details.
	at com.xilinx.sdk.sw.ui.handlers.RegenBspSourcesHandler.internalGenerateBsp(RegenBspSourcesHandler.java:178)
	at com.xilinx.sdk.sw.ui.handlers.RegenBspSourcesHandler.access$2(RegenBspSourcesHandler.java:163)
	at com.xilinx.sdk.sw.ui.handlers.RegenBspSourcesHandler$1$1.run(RegenBspSourcesHandler.java:131)
	at org.eclipse.core.internal.resources.Workspace.run(Workspace.java:2345)
	at com.xilinx.sdk.sw.ui.handlers.RegenBspSourcesHandler$1.run(RegenBspSourcesHandler.java:135)
	at org.eclipse.jface.operation.ModalContext$ModalContextThread.run(ModalContext.java:121)
12:30:20 ERROR : (XSDB Server)ERROR: [Hsi 55-1395] axi_dma is not Valid Driver for axi_dma_0

12:30:20 ERROR : (SwPlatform) Failed to call setDriver
Reason: ERROR: [Common 17-39] 'set_property' failed due to earlier errors.

12:30:23 ERROR : (XSDB Server)ERROR: [Hsi 55-1545] Problem running tcl command ::sw_xilffs_v3_1::post_generate : couldn't open "../../include/xparameters.h": no such file or directory
    while executing
"open $filename a"
    (procedure "hsi::utils::open_include_file" line 3)
    invoked from within
"hsi::utils::open_include_file "xparameters.h""
    (procedure "xgen_opts_file" line 4)
    invoked from within
"xgen_opts_file $libhandle"
    (procedure "::sw_xilffs_v3_1::post_generate" line 2)
    invoked from within
"::sw_xilffs_v3_1::post_generate xilffs"
ERROR: [Hsi 55-1443] Error(s) while running TCL procedure post_generate()

12:30:23 ERROR : (XSDB Server)ERROR: [Hsi 55-1450] Error: running generate_bsp.

12:30:23 ERROR : Error generating bsp sources: Failed in generating sources
12:30:23 ERROR : Failed to regenerate sources for BSP project device_tree_bsp_0
org.eclipse.core.runtime.CoreException: Internal error occurred while generating bsp sources. Please check the SDK Log view for further details.
	at com.xilinx.sdk.sw.ui.handlers.RegenBspSourcesHandler.internalGenerateBsp(RegenBspSourcesHandler.java:178)
	at com.xilinx.sdk.sw.ui.handlers.RegenBspSourcesHandler.access$2(RegenBspSourcesHandler.java:163)
	at com.xilinx.sdk.sw.ui.handlers.RegenBspSourcesHandler$1$1.run(RegenBspSourcesHandler.java:131)
	at org.eclipse.core.internal.resources.Workspace.run(Workspace.java:2345)
	at com.xilinx.sdk.sw.ui.handlers.RegenBspSourcesHandler$1.run(RegenBspSourcesHandler.java:135)
	at org.eclipse.jface.operation.ModalContext$ModalContextThread.run(ModalContext.java:121)
12:30:48 ERROR : (XSDB Server)ERROR: [Hsi 55-1545] Problem running tcl command ::sw_xilffs_v3_1::post_generate : couldn't open "../../include/xparameters.h": no such file or directory
    while executing
"open $filename a"
    (procedure "hsi::utils::open_include_file" line 3)
    invoked from within
"hsi::utils::open_include_file "xparameters.h""
    (procedure "xgen_opts_file" line 4)
    invoked from within
"xgen_opts_file $libhandle"
    (procedure "::sw_xilffs_v3_1::post_generate" line 2)
    invoked from within
"::sw_xilffs_v3_1::post_generate xilffs"
ERROR: [Hsi 55-1443] Error(s) while running TCL procedure post_generate()

12:30:48 ERROR : (XSDB Server)ERROR: [Hsi 55-1450] Error: running generate_bsp.

12:30:48 ERROR : Error generating bsp sources: Failed in generating sources
12:30:48 ERROR : Failed to regenerate sources for BSP project device_tree_bsp_0
org.eclipse.core.runtime.CoreException: Internal error occurred while generating bsp sources. Please check the SDK Log view for further details.
	at com.xilinx.sdk.sw.ui.handlers.RegenBspSourcesHandler.internalGenerateBsp(RegenBspSourcesHandler.java:178)
	at com.xilinx.sdk.sw.ui.handlers.RegenBspSourcesHandler.access$2(RegenBspSourcesHandler.java:163)
	at com.xilinx.sdk.sw.ui.handlers.RegenBspSourcesHandler$1$1.run(RegenBspSourcesHandler.java:131)
	at org.eclipse.core.internal.resources.Workspace.run(Workspace.java:2345)
	at com.xilinx.sdk.sw.ui.handlers.RegenBspSourcesHandler$1.run(RegenBspSourcesHandler.java:135)
	at org.eclipse.jface.operation.ModalContext$ModalContextThread.run(ModalContext.java:121)
12:31:55 ERROR : (XSDB Server)ERROR: [Hsi 55-1545] Problem running tcl command ::sw_xilffs_v3_1::post_generate : couldn't open "../../include/xparameters.h": no such file or directory
    while executing
"open $filename a"
    (procedure "hsi::utils::open_include_file" line 3)
    invoked from within
"hsi::utils::open_include_file "xparameters.h""
    (procedure "xgen_opts_file" line 4)
    invoked from within
"xgen_opts_file $libhandle"
    (procedure "::sw_xilffs_v3_1::post_generate" line 2)
    invoked from within
"::sw_xilffs_v3_1::post_generate xilffs"
ERROR: [Hsi 55-1443] Error(s) while running TCL procedure post_generate()

12:31:55 ERROR : (XSDB Server)ERROR: [Hsi 55-1450] Error: running generate_bsp.

12:31:55 ERROR : Error generating bsp sources: Failed in generating sources
12:31:55 ERROR : Failed to regenerate sources for BSP project device_tree_bsp_0
org.eclipse.core.runtime.CoreException: Internal error occurred while generating bsp sources. Please check the SDK Log view for further details.
	at com.xilinx.sdk.sw.ui.handlers.RegenBspSourcesHandler.internalGenerateBsp(RegenBspSourcesHandler.java:178)
	at com.xilinx.sdk.sw.ui.handlers.RegenBspSourcesHandler.access$2(RegenBspSourcesHandler.java:163)
	at com.xilinx.sdk.sw.ui.handlers.RegenBspSourcesHandler$1$1.run(RegenBspSourcesHandler.java:131)
	at org.eclipse.core.internal.resources.Workspace.run(Workspace.java:2345)
	at com.xilinx.sdk.sw.ui.handlers.RegenBspSourcesHandler$1.run(RegenBspSourcesHandler.java:135)
	at org.eclipse.jface.operation.ModalContext$ModalContextThread.run(ModalContext.java:121)
12:32:28 ERROR : (XSDB Server)ERROR: [Hsi 55-1545] Problem running tcl command ::sw_xilffs_v3_1::post_generate : couldn't open "../../include/xparameters.h": no such file or directory
    while executing
"open $filename a"
    (procedure "hsi::utils::open_include_file" line 3)
    invoked from within
"hsi::utils::open_include_file "xparameters.h""
    (procedure "xgen_opts_file" line 4)
    invoked from within
"xgen_opts_file $libhandle"
    (procedure "::sw_xilffs_v3_1::post_generate" line 2)
    invoked from within
"::sw_xilffs_v3_1::post_generate xilffs"
ERROR: [Hsi 55-1443] Error(s) while running TCL procedure post_generate()

12:32:28 ERROR : (XSDB Server)ERROR: [Hsi 55-1450] Error: running generate_bsp.

12:32:28 ERROR : Error generating bsp sources: Failed in generating sources
12:32:28 ERROR : Failed to regenerate sources for BSP project device_tree_bsp_0
org.eclipse.core.runtime.CoreException: Internal error occurred while generating bsp sources. Please check the SDK Log view for further details.
	at com.xilinx.sdk.sw.ui.handlers.RegenBspSourcesHandler.internalGenerateBsp(RegenBspSourcesHandler.java:178)
	at com.xilinx.sdk.sw.ui.handlers.RegenBspSourcesHandler.access$2(RegenBspSourcesHandler.java:163)
	at com.xilinx.sdk.sw.ui.handlers.RegenBspSourcesHandler$1$1.run(RegenBspSourcesHandler.java:131)
	at org.eclipse.core.internal.resources.Workspace.run(Workspace.java:2345)
	at com.xilinx.sdk.sw.ui.handlers.RegenBspSourcesHandler$1.run(RegenBspSourcesHandler.java:135)
	at org.eclipse.jface.operation.ModalContext$ModalContextThread.run(ModalContext.java:121)
12:33:35 INFO  : Saving repository preferences.
12:33:57 ERROR : (XSDB Server)ERROR: [Hsi 55-1545] Problem running tcl command ::sw_axi_dma::generate : ERROR: axi_dma_0: mm2s_introut port is not connected
    while executing
"error "ERROR: ${drv_handle}: mm2s_introut port is not connected""
    (procedure "::sw_axi_dma::generate" line 49)
    invoked from within
"::sw_axi_dma::generate axi_dma_0"
ERROR: [Hsi 55-1442] Error(s) while running TCL procedure generate()

12:33:57 ERROR : (XSDB Server)ERROR: [Hsi 55-1450] Error: running generate_bsp.

12:33:57 ERROR : Error generating bsp sources: Failed in generating sources
12:33:57 ERROR : Failed to generate sources for BSP project device_tree_bsp_0
org.eclipse.core.runtime.CoreException: Internal error occurred while generating bsp sources. Please check the SDK Log view for further details.
	at com.xilinx.sdk.sw.ui.handlers.RegenBspSourcesHandler.internalGenerateBsp(RegenBspSourcesHandler.java:178)
	at com.xilinx.sdk.sw.ui.handlers.RegenBspSourcesHandler.access$2(RegenBspSourcesHandler.java:163)
	at com.xilinx.sdk.sw.ui.handlers.RegenBspSourcesHandler$1$1.run(RegenBspSourcesHandler.java:131)
	at org.eclipse.core.internal.resources.Workspace.run(Workspace.java:2345)
	at com.xilinx.sdk.sw.ui.handlers.RegenBspSourcesHandler$1.run(RegenBspSourcesHandler.java:135)
	at org.eclipse.jface.operation.ModalContext$ModalContextThread.run(ModalContext.java:121)
17:33:08 INFO  : Launching XSDB server: xsdb -n /opt/Xilinx/SDK/2015.3/scripts/xsdb/xsdb/xsdb-server.tcl
17:33:09 INFO  : XSDB server has started successfully.
17:33:09 INFO  : Restoring local repository preferences: 
		 /home/einsamer-wolf/zynq_os/device-tree-xlnx
17:33:14 INFO  : SDK has detected change in the last modified timestamps for source hardware specification file Source:1466152291000,  Project:1465969186000
17:33:14 INFO  : Project anon_pr_sdk's source hardware specification located at /home/einsamer-wolf/Vivado/proj/anon_pr_1/proj/sdk/anon_pr.hdf is now different from the local copy.
		 The local copy will be replaced with the source specification and your workspace will be updated.
17:33:18 INFO  : Copied contents of /home/einsamer-wolf/Vivado/proj/anon_pr_1/proj/sdk/anon_pr.hdf into /anon_pr_sdk/system.hdf.
17:33:20 INFO  : Synchronizing projects in the workspace with the hardware platform specification changes.
17:33:24 INFO  : 
17:33:25 INFO  : 
17:33:26 INFO  : Updating hardware inferred compiler options for anon_pr_app.
17:33:26 INFO  : Updating hardware inferred compiler options for fsbl.
17:33:26 INFO  : Clearing existing target manager status.
17:33:36 INFO  : Saving repository preferences.
17:33:57 ERROR : (XSDB Server)ERROR: [Hsi 55-1545] Problem running tcl command ::sw_axi_dma::generate : ERROR: axi_dma_0: mm2s_introut port is not connected
    while executing
"error "ERROR: ${drv_handle}: mm2s_introut port is not connected""
    (procedure "::sw_axi_dma::generate" line 49)
    invoked from within
"::sw_axi_dma::generate axi_dma_0"
ERROR: [Hsi 55-1442] Error(s) while running TCL procedure generate()

17:33:57 ERROR : (XSDB Server)ERROR: [Hsi 55-1450] Error: running generate_bsp.

17:33:57 ERROR : Error generating bsp sources: Failed in generating sources
17:33:57 ERROR : Failed to generate sources for BSP project device_tree_bsp_0
org.eclipse.core.runtime.CoreException: Internal error occurred while generating bsp sources. Please check the SDK Log view for further details.
	at com.xilinx.sdk.sw.ui.handlers.RegenBspSourcesHandler.internalGenerateBsp(RegenBspSourcesHandler.java:178)
	at com.xilinx.sdk.sw.ui.handlers.RegenBspSourcesHandler.access$2(RegenBspSourcesHandler.java:163)
	at com.xilinx.sdk.sw.ui.handlers.RegenBspSourcesHandler$1$1.run(RegenBspSourcesHandler.java:131)
	at org.eclipse.core.internal.resources.Workspace.run(Workspace.java:2345)
	at com.xilinx.sdk.sw.ui.handlers.RegenBspSourcesHandler$1.run(RegenBspSourcesHandler.java:135)
	at org.eclipse.jface.operation.ModalContext$ModalContextThread.run(ModalContext.java:121)
17:34:20 ERROR : Unexpected error while parsing XMD response ￿: com.google.gson.JsonSyntaxException: com.google.gson.stream.MalformedJsonException: invalid number or unquoted string near 
17:50:53 INFO  : Launching XSDB server: xsdb -n /opt/Xilinx/SDK/2015.3/scripts/xsdb/xsdb/xsdb-server.tcl
17:50:54 INFO  : XSDB server has started successfully.
17:50:54 INFO  : Restoring local repository preferences: 
		 /home/einsamer-wolf/zynq_os/device-tree-xlnx
17:50:59 INFO  : SDK has detected change in the last modified timestamps for source hardware specification file Source:1466153404000,  Project:1466152291000
17:50:59 INFO  : Project anon_pr_sdk's source hardware specification located at /home/einsamer-wolf/Vivado/proj/anon_pr_1/proj/sdk/anon_pr.hdf is now different from the local copy.
		 The local copy will be replaced with the source specification and your workspace will be updated.
17:51:05 INFO  : Copied contents of /home/einsamer-wolf/Vivado/proj/anon_pr_1/proj/sdk/anon_pr.hdf into /anon_pr_sdk/system.hdf.
17:51:14 INFO  : Synchronizing projects in the workspace with the hardware platform specification changes.
17:51:16 INFO  : 
17:51:17 INFO  : 
17:51:18 INFO  : Updating hardware inferred compiler options for anon_pr_app.
17:51:18 INFO  : Updating hardware inferred compiler options for fsbl.
17:51:18 INFO  : Clearing existing target manager status.
17:51:50 ERROR : (XSDB Server)ERROR: [Hsi 55-1545] Problem running tcl command ::sw_xilffs_v3_1::post_generate : couldn't open "../../include/xparameters.h": no such file or directory
    while executing
"open $filename a"
    (procedure "hsi::utils::open_include_file" line 3)
    invoked from within
"hsi::utils::open_include_file "xparameters.h""
    (procedure "xgen_opts_file" line 4)
    invoked from within
"xgen_opts_file $libhandle"
    (procedure "::sw_xilffs_v3_1::post_generate" line 2)
    invoked from within
"::sw_xilffs_v3_1::post_generate xilffs"
ERROR: [Hsi 55-1443] Error(s) while running TCL procedure post_generate()

17:51:50 ERROR : (XSDB Server)ERROR: [Hsi 55-1450] Error: running generate_bsp.

17:51:50 ERROR : Error generating bsp sources: Failed in generating sources
17:51:50 ERROR : Failed to generate sources for BSP project device_tree_bsp_0
org.eclipse.core.runtime.CoreException: Internal error occurred while generating bsp sources. Please check the SDK Log view for further details.
	at com.xilinx.sdk.sw.ui.handlers.RegenBspSourcesHandler.internalGenerateBsp(RegenBspSourcesHandler.java:178)
	at com.xilinx.sdk.sw.ui.handlers.RegenBspSourcesHandler.access$2(RegenBspSourcesHandler.java:163)
	at com.xilinx.sdk.sw.ui.handlers.RegenBspSourcesHandler$1$1.run(RegenBspSourcesHandler.java:131)
	at org.eclipse.core.internal.resources.Workspace.run(Workspace.java:2345)
	at com.xilinx.sdk.sw.ui.handlers.RegenBspSourcesHandler$1.run(RegenBspSourcesHandler.java:135)
	at org.eclipse.jface.operation.ModalContext$ModalContextThread.run(ModalContext.java:121)
17:52:58 ERROR : (XSDB Server)ERROR: [Hsi 55-1545] Problem running tcl command ::sw_xilffs_v3_1::post_generate : couldn't open "../../include/xparameters.h": no such file or directory
    while executing
"open $filename a"
    (procedure "hsi::utils::open_include_file" line 3)
    invoked from within
"hsi::utils::open_include_file "xparameters.h""
    (procedure "xgen_opts_file" line 4)
    invoked from within
"xgen_opts_file $libhandle"
    (procedure "::sw_xilffs_v3_1::post_generate" line 2)
    invoked from within
"::sw_xilffs_v3_1::post_generate xilffs"
ERROR: [Hsi 55-1443] Error(s) while running TCL procedure post_generate()

17:52:58 ERROR : (XSDB Server)ERROR: [Hsi 55-1450] Error: running generate_bsp.

17:52:58 ERROR : Error generating bsp sources: Failed in generating sources
17:52:58 ERROR : Failed to regenerate sources for BSP project device_tree_bsp_0
org.eclipse.core.runtime.CoreException: Internal error occurred while generating bsp sources. Please check the SDK Log view for further details.
	at com.xilinx.sdk.sw.ui.handlers.RegenBspSourcesHandler.internalGenerateBsp(RegenBspSourcesHandler.java:178)
	at com.xilinx.sdk.sw.ui.handlers.RegenBspSourcesHandler.access$2(RegenBspSourcesHandler.java:163)
	at com.xilinx.sdk.sw.ui.handlers.RegenBspSourcesHandler$1$1.run(RegenBspSourcesHandler.java:131)
	at org.eclipse.core.internal.resources.Workspace.run(Workspace.java:2345)
	at com.xilinx.sdk.sw.ui.handlers.RegenBspSourcesHandler$1.run(RegenBspSourcesHandler.java:135)
	at org.eclipse.jface.operation.ModalContext$ModalContextThread.run(ModalContext.java:121)
17:53:54 ERROR : (XSDB Server)ERROR: [Hsi 55-1545] Problem running tcl command ::sw_xilffs_v3_1::post_generate : couldn't open "../../include/xparameters.h": no such file or directory
    while executing
"open $filename a"
    (procedure "hsi::utils::open_include_file" line 3)
    invoked from within
"hsi::utils::open_include_file "xparameters.h""
    (procedure "xgen_opts_file" line 4)
    invoked from within
"xgen_opts_file $libhandle"
    (procedure "::sw_xilffs_v3_1::post_generate" line 2)
    invoked from within
"::sw_xilffs_v3_1::post_generate xilffs"
ERROR: [Hsi 55-1443] Error(s) while running TCL procedure post_generate()

17:53:54 ERROR : (XSDB Server)ERROR: [Hsi 55-1450] Error: running generate_bsp.

17:53:54 ERROR : Error generating bsp sources: Failed in generating sources
17:53:54 ERROR : Failed to generate sources for BSP project device_tree_bsp_0
org.eclipse.core.runtime.CoreException: Internal error occurred while generating bsp sources. Please check the SDK Log view for further details.
	at com.xilinx.sdk.sw.ui.handlers.RegenBspSourcesHandler.internalGenerateBsp(RegenBspSourcesHandler.java:178)
	at com.xilinx.sdk.sw.ui.handlers.RegenBspSourcesHandler.access$2(RegenBspSourcesHandler.java:163)
	at com.xilinx.sdk.sw.ui.handlers.RegenBspSourcesHandler$1$1.run(RegenBspSourcesHandler.java:131)
	at org.eclipse.core.internal.resources.Workspace.run(Workspace.java:2345)
	at com.xilinx.sdk.sw.ui.handlers.RegenBspSourcesHandler$1.run(RegenBspSourcesHandler.java:135)
	at org.eclipse.jface.operation.ModalContext$ModalContextThread.run(ModalContext.java:121)
18:02:33 INFO  : No changes in MSS file content so not generating sources.
18:06:36 INFO  : Saving repository preferences.
18:06:53 INFO  : Saving repository preferences.
18:06:53 INFO  : Saving BSP preferences.
18:07:22 ERROR : (XSDB Server)ERROR: [Hsi 55-1545] Problem running tcl command ::sw_xilffs_v3_1::post_generate : couldn't open "../../include/xparameters.h": no such file or directory
    while executing
"open $filename a"
    (procedure "hsi::utils::open_include_file" line 3)
    invoked from within
"hsi::utils::open_include_file "xparameters.h""
    (procedure "xgen_opts_file" line 4)
    invoked from within
"xgen_opts_file $libhandle"
    (procedure "::sw_xilffs_v3_1::post_generate" line 2)
    invoked from within
"::sw_xilffs_v3_1::post_generate xilffs"
ERROR: [Hsi 55-1443] Error(s) while running TCL procedure post_generate()

18:07:22 ERROR : (XSDB Server)ERROR: [Hsi 55-1450] Error: running generate_bsp.

18:07:22 ERROR : Error generating bsp sources: Failed in generating sources
18:07:22 ERROR : Failed to generate sources for BSP project device_tree_bsp_0
org.eclipse.core.runtime.CoreException: Internal error occurred while generating bsp sources. Please check the SDK Log view for further details.
	at com.xilinx.sdk.sw.ui.handlers.RegenBspSourcesHandler.internalGenerateBsp(RegenBspSourcesHandler.java:178)
	at com.xilinx.sdk.sw.ui.handlers.RegenBspSourcesHandler.access$2(RegenBspSourcesHandler.java:163)
	at com.xilinx.sdk.sw.ui.handlers.RegenBspSourcesHandler$1$1.run(RegenBspSourcesHandler.java:131)
	at org.eclipse.core.internal.resources.Workspace.run(Workspace.java:2345)
	at com.xilinx.sdk.sw.ui.handlers.RegenBspSourcesHandler$1.run(RegenBspSourcesHandler.java:135)
	at org.eclipse.jface.operation.ModalContext$ModalContextThread.run(ModalContext.java:121)
18:09:09 INFO  : Saving repository preferences.
18:09:11 INFO  : Saving repository preferences.
18:09:30 ERROR : (XSDB Server)ERROR: [Hsi 55-1545] Problem running tcl command ::sw_xilffs_v3_1::post_generate : couldn't open "../../include/xparameters.h": no such file or directory
    while executing
"open $filename a"
    (procedure "hsi::utils::open_include_file" line 3)
    invoked from within
"hsi::utils::open_include_file "xparameters.h""
    (procedure "xgen_opts_file" line 4)
    invoked from within
"xgen_opts_file $libhandle"
    (procedure "::sw_xilffs_v3_1::post_generate" line 2)
    invoked from within
"::sw_xilffs_v3_1::post_generate xilffs"
ERROR: [Hsi 55-1443] Error(s) while running TCL procedure post_generate()

18:09:30 ERROR : (XSDB Server)ERROR: [Hsi 55-1450] Error: running generate_bsp.

18:09:30 ERROR : Error generating bsp sources: Failed in generating sources
18:09:30 ERROR : Failed to generate sources for BSP project device_tree_bsp_0
org.eclipse.core.runtime.CoreException: Internal error occurred while generating bsp sources. Please check the SDK Log view for further details.
	at com.xilinx.sdk.sw.ui.handlers.RegenBspSourcesHandler.internalGenerateBsp(RegenBspSourcesHandler.java:178)
	at com.xilinx.sdk.sw.ui.handlers.RegenBspSourcesHandler.access$2(RegenBspSourcesHandler.java:163)
	at com.xilinx.sdk.sw.ui.handlers.RegenBspSourcesHandler$1$1.run(RegenBspSourcesHandler.java:131)
	at org.eclipse.core.internal.resources.Workspace.run(Workspace.java:2345)
	at com.xilinx.sdk.sw.ui.handlers.RegenBspSourcesHandler$1.run(RegenBspSourcesHandler.java:135)
	at org.eclipse.jface.operation.ModalContext$ModalContextThread.run(ModalContext.java:121)
18:49:22 INFO  : Invoking Bootgen: bootgen -image anon_pr_os.bif -o /home/einsamer-wolf/Vivado/proj/anon_pr_1/proj/os/BOOT.bin
18:49:22 INFO  : Creating new bif file /home/einsamer-wolf/Vivado/proj/anon_pr_1/proj/os/anon_pr_os.bif
18:49:23 INFO  : Bootgen command execution is done.
18:31:40 INFO  : SDK has detected change in the last modified timestamps for source hardware specification file Source:1467019897000,  Project:1466153404000
18:31:40 INFO  : Project anon_pr_sdk's source hardware specification located at /home/einsamer-wolf/Vivado/proj/anon_pr_1/proj/sdk/anon_pr.hdf is now different from the local copy.
		 The local copy will be replaced with the source specification and your workspace will be updated.
18:35:45 INFO  : Copied contents of /home/einsamer-wolf/Vivado/proj/anon_pr_1/proj/sdk/anon_pr.hdf into /anon_pr_sdk/system.hdf.
18:35:47 INFO  : Synchronizing projects in the workspace with the hardware platform specification changes.
18:35:49 INFO  : 
18:35:52 INFO  : 
18:35:53 INFO  : 
18:35:54 INFO  : Updating hardware inferred compiler options for anon_pr_app.
18:35:55 INFO  : Updating hardware inferred compiler options for fsbl.
18:37:15 INFO  : Clearing existing target manager status.
18:37:15 INFO  : Closing and re-opening the MSS file of ther project fsbl_bsp
18:37:20 INFO  : Closing and re-opening the MSS file of ther project anon_pr_app_bsp
18:37:25 INFO  : Closing and re-opening the MSS file of ther project device_tree_bsp_0
18:37:28 INFO  : Closing and re-opening the MSS file of ther project device_tree_bsp_0
18:37:28 INFO  : Closing and re-opening the MSS file of ther project device_tree_bsp_0
18:37:28 INFO  : Closing and re-opening the MSS file of ther project anon_pr_app_bsp
18:37:29 INFO  : Closing and re-opening the MSS file of ther project device_tree_bsp_0
18:37:29 INFO  : Closing and re-opening the MSS file of ther project anon_pr_app_bsp
18:37:29 INFO  : Workspace synchronized with the new hardware specification file. Cleaning dependent projects...
18:37:49 WARN  : Linker script will not be updated automatically. Users need to update it manually.
16:02:23 INFO  : Invoking Bootgen: bootgen -image anon_pr.bif -o /home/einsamer-wolf/Vivado/proj/anon_pr_1/proj/sdk/bootimage/BOOT.bin -w on
16:02:23 INFO  : Overwriting existing bif file /home/einsamer-wolf/Vivado/proj/anon_pr_1/proj/sdk/bootimage/anon_pr.bif
16:02:23 INFO  : Bootgen command execution is done.
16:51:55 INFO  : Invoking Bootgen: bootgen -image anon_pr.bif -o /home/einsamer-wolf/Vivado/proj/anon_pr_1/proj/sdk/bootimage/BOOT.bin -w on
16:51:55 INFO  : Overwriting existing bif file /home/einsamer-wolf/Vivado/proj/anon_pr_1/proj/sdk/bootimage/anon_pr.bif
16:51:56 INFO  : Bootgen command execution is done.
17:00:24 INFO  : Invoking Bootgen: bootgen -image fsbl.bif -o /home/einsamer-wolf/Vivado/proj/anon_pr_1/proj/sdk/bootimage/BOOT.bin -w on
17:00:24 INFO  : Overwriting existing bif file /home/einsamer-wolf/Vivado/proj/anon_pr_1/proj/sdk/bootimage/fsbl.bif
17:00:24 INFO  : Bootgen command execution is done.
18:29:05 INFO  : Invoking Bootgen: bootgen -image zynq_boot.bif -o /home/einsamer-wolf/zynq_boot/BOOT.bin
18:29:05 INFO  : Creating new bif file /home/einsamer-wolf/zynq_boot/zynq_boot.bif
18:29:05 INFO  : Bootgen command execution is done.
18:47:00 INFO  : Launching XSDB server: xsdb -n /opt/Xilinx/SDK/2015.3/scripts/xsdb/xsdb/xsdb-server.tcl
18:47:01 INFO  : XSDB server has started successfully.
18:47:01 INFO  : Restoring local repository preferences: 
		 /home/einsamer-wolf/zynq_os/device-tree-xlnx
18:47:05 INFO  : BSP Project P/device_tree_bsp_0 has been successfully migrated.
18:48:52 INFO  : Invoking Bootgen: bootgen -image output.bif -o /home/einsamer-wolf/zynq_boot/here/BOOT.bin -w on
18:48:52 INFO  : Creating new bif file /home/einsamer-wolf/zynq_boot/here/output.bif
18:48:53 INFO  : Bootgen command execution is done.
18:54:19 INFO  : Invoking Bootgen: bootgen -image output.bif -o /home/einsamer-wolf/zynq_boot/here/BOOT.bin -w on
18:54:19 INFO  : Overwriting existing bif file /home/einsamer-wolf/zynq_boot/here/output.bif
18:54:20 INFO  : Bootgen command execution is done.
19:07:18 INFO  : Invoking Bootgen: bootgen -image output.bif -o /home/einsamer-wolf/zynq_boot/here/BOOT.bin -w on
19:07:18 INFO  : Overwriting existing bif file /home/einsamer-wolf/zynq_boot/here/output.bif
19:07:18 INFO  : Bootgen command execution is done.
12:58:32 INFO  : Launching XSDB server: xsdb -n /opt/Xilinx/SDK/2015.3/scripts/xsdb/xsdb/xsdb-server.tcl
12:58:35 INFO  : XSDB server has started successfully.
12:58:38 INFO  : Restoring local repository preferences: 
		 /home/einsamer-wolf/zynq_os/device-tree-xlnx
12:58:44 INFO  : BSP Project P/device_tree_bsp_0 has been successfully migrated.
17:14:34 INFO  : Launching XSDB server: xsdb -n /opt/Xilinx/SDK/2015.3/scripts/xsdb/xsdb/xsdb-server.tcl
17:14:35 INFO  : XSDB server has started successfully.
17:14:36 INFO  : Restoring local repository preferences: 
		 /home/einsamer-wolf/zynq_os/device-tree-xlnx
17:14:40 INFO  : BSP Project P/device_tree_bsp_0 has been successfully migrated.
10:10:09 INFO  : Launching XSDB server: xsdb -n /opt/Xilinx/SDK/2015.3/scripts/xsdb/xsdb/xsdb-server.tcl
10:10:10 INFO  : XSDB server has started successfully.
10:10:10 INFO  : Restoring local repository preferences: 
		 /home/einsamer-wolf/zynq_os/device-tree-xlnx
10:10:15 INFO  : BSP Project P/device_tree_bsp_0 has been successfully migrated.
09:51:31 INFO  : Launching XSDB server: xsdb -n /opt/Xilinx/SDK/2015.3/scripts/xsdb/xsdb/xsdb-server.tcl
09:51:32 INFO  : XSDB server has started successfully.
09:51:33 INFO  : Restoring local repository preferences: 
		 /home/einsamer-wolf/zynq_os/device-tree-xlnx
09:51:37 INFO  : BSP Project P/device_tree_bsp_0 has been successfully migrated.
09:51:56 INFO  : Launching XSDB server: xsdb -n /opt/Xilinx/SDK/2015.3/scripts/xsdb/xsdb/xsdb-server.tcl
09:51:57 INFO  : XSDB server has started successfully.
09:51:57 INFO  : Restoring local repository preferences: 
		 /home/einsamer-wolf/zynq_os/device-tree-xlnx
09:52:02 INFO  : BSP Project P/device_tree_bsp_0 has been successfully migrated.
10:24:49 INFO  : Launching XSDB server: xsdb -n /opt/Xilinx/SDK/2015.3/scripts/xsdb/xsdb/xsdb-server.tcl
10:24:50 INFO  : XSDB server has started successfully.
10:24:51 INFO  : Restoring local repository preferences: 
		 /home/einsamer-wolf/zynq_os/device-tree-xlnx
10:24:55 INFO  : BSP Project P/device_tree_bsp_0 has been successfully migrated.
10:36:04 INFO  : Launching XSDB server: xsdb -n /opt/Xilinx/SDK/2015.3/scripts/xsdb/xsdb/xsdb-server.tcl
10:36:05 INFO  : XSDB server has started successfully.
10:36:06 INFO  : Restoring local repository preferences: 
		 /home/einsamer-wolf/zynq_os/device-tree-xlnx
10:36:10 INFO  : BSP Project P/device_tree_bsp_0 has been successfully migrated.
10:36:26 INFO  : Launching XSDB server: xsdb -n /opt/Xilinx/SDK/2015.3/scripts/xsdb/xsdb/xsdb-server.tcl
10:36:27 INFO  : XSDB server has started successfully.
10:36:27 INFO  : Restoring local repository preferences: 
		 /home/einsamer-wolf/zynq_os/device-tree-xlnx
10:36:32 INFO  : BSP Project P/device_tree_bsp_0 has been successfully migrated.
11:11:21 INFO  : Launching XSDB server: xsdb -n /opt/Xilinx/SDK/2015.3/scripts/xsdb/xsdb/xsdb-server.tcl
11:11:23 INFO  : XSDB server has started successfully.
11:11:23 INFO  : Restoring local repository preferences: 
		 /home/einsamer-wolf/zynq_os/device-tree-xlnx
11:11:28 INFO  : BSP Project P/device_tree_bsp_0 has been successfully migrated.
11:24:38 INFO  : Launching XSDB server: xsdb -n /opt/Xilinx/SDK/2015.3/scripts/xsdb/xsdb/xsdb-server.tcl
11:24:40 INFO  : XSDB server has started successfully.
11:24:40 INFO  : Restoring local repository preferences: 
		 /home/einsamer-wolf/zynq_os/device-tree-xlnx
11:24:44 INFO  : BSP Project P/device_tree_bsp_0 has been successfully migrated.
11:35:04 INFO  : Launching XSDB server: xsdb -n /opt/Xilinx/SDK/2015.3/scripts/xsdb/xsdb/xsdb-server.tcl
11:35:05 INFO  : XSDB server has started successfully.
11:35:05 INFO  : Restoring local repository preferences: 
		 /home/einsamer-wolf/zynq_os/device-tree-xlnx
11:35:09 INFO  : BSP Project P/device_tree_bsp_0 has been successfully migrated.
14:40:33 INFO  : Launching XSDB server: xsdb -n /opt/Xilinx/SDK/2015.3/scripts/xsdb/xsdb/xsdb-server.tcl
14:40:35 INFO  : XSDB server has started successfully.
14:40:35 INFO  : Restoring local repository preferences: 
		 /home/einsamer-wolf/zynq_os/device-tree-xlnx
14:40:40 INFO  : BSP Project P/device_tree_bsp_0 has been successfully migrated.
11:24:20 INFO  : Launching XSDB server: xsdb -n /opt/Xilinx/SDK/2015.3/scripts/xsdb/xsdb/xsdb-server.tcl
11:24:22 INFO  : XSDB server has started successfully.
11:24:22 INFO  : Restoring local repository preferences: 
		 /home/einsamer-wolf/zynq_os/device-tree-xlnx
11:24:26 INFO  : BSP Project P/device_tree_bsp_0 has been successfully migrated.
13:56:31 INFO  : Invoking Bootgen: bootgen -image dma.bif -o /home/einsamer-wolf/Vivado/part/linux_axi/proj/proj.sdk/bootimage/BOOT.bin -w on
13:56:31 INFO  : Overwriting existing bif file /home/einsamer-wolf/Vivado/part/linux_axi/proj/proj.sdk/bootimage/dma.bif
13:56:32 INFO  : Bootgen command execution is done.
17:34:08 INFO  : Launching XSDB server: xsdb -n /opt/Xilinx/SDK/2015.3/scripts/xsdb/xsdb/xsdb-server.tcl
17:34:09 INFO  : XSDB server has started successfully.
17:34:09 INFO  : Restoring local repository preferences: 
		 /home/einsamer-wolf/zynq_os/device-tree-xlnx
17:34:14 INFO  : BSP Project P/device_tree_bsp_0 has been successfully migrated.
16:35:39 INFO  : Invoking Bootgen: bootgen -image dma.bif -o /home/einsamer-wolf/Vivado/part/linux_axi/proj/proj.sdk/bootimage/BOOT.bin -w on
16:35:39 INFO  : Overwriting existing bif file /home/einsamer-wolf/Vivado/part/linux_axi/proj/proj.sdk/bootimage/dma.bif
16:35:40 INFO  : Bootgen command execution is done.
17:10:49 INFO  : Invoking Bootgen: bootgen -image dma.bif -o /home/einsamer-wolf/Vivado/part/linux_axi/proj/proj.sdk/bootimage/BOOT.bin -w on
17:10:49 INFO  : Overwriting existing bif file /home/einsamer-wolf/Vivado/part/linux_axi/proj/proj.sdk/bootimage/dma.bif
17:10:50 INFO  : Bootgen command execution is done.
16:35:30 INFO  : Launching XSDB server: xsdb -n /opt/Xilinx/SDK/2015.3/scripts/xsdb/xsdb/xsdb-server.tcl
16:35:32 INFO  : XSDB server has started successfully.
16:35:33 INFO  : Restoring local repository preferences: 
		 /home/einsamer-wolf/zynq_os/device-tree-xlnx
16:35:40 INFO  : BSP Project P/device_tree_bsp_0 has been successfully migrated.
14:27:03 INFO  : Launching XSDB server: xsdb -n /opt/Xilinx/SDK/2015.3/scripts/xsdb/xsdb/xsdb-server.tcl
14:27:05 INFO  : XSDB server has started successfully.
14:27:06 INFO  : Restoring local repository preferences: 
		 /home/einsamer-wolf/zynq_os/device-tree-xlnx
14:27:12 INFO  : BSP Project P/device_tree_bsp_0 has been successfully migrated.
15:52:26 INFO  : Invoking Bootgen: bootgen -image fsbl.bif -o /home/einsamer-wolf/Vivado/proj/anon_pr_1/proj/sdk/bootimage/BOOT.bin -w on
15:52:26 INFO  : Overwriting existing bif file /home/einsamer-wolf/Vivado/proj/anon_pr_1/proj/sdk/bootimage/fsbl.bif
15:52:27 INFO  : Bootgen command execution is done.
16:01:01 INFO  : Invoking Bootgen: bootgen -image fsbl.bif -o /home/einsamer-wolf/Vivado/proj/anon_pr_1/proj/sdk/bootimage/BOOT.bin -w on
16:01:01 INFO  : Overwriting existing bif file /home/einsamer-wolf/Vivado/proj/anon_pr_1/proj/sdk/bootimage/fsbl.bif
16:01:01 INFO  : Bootgen command execution is done.
16:31:13 INFO  : Invoking Bootgen: bootgen -image fsbl.bif -o /home/einsamer-wolf/Vivado/proj/anon_pr_1/proj/sdk/bootimage/BOOT.bin -w on
16:31:13 INFO  : Overwriting existing bif file /home/einsamer-wolf/Vivado/proj/anon_pr_1/proj/sdk/bootimage/fsbl.bif
16:31:14 INFO  : Bootgen command execution is done.
16:34:29 INFO  : Invoking Bootgen: bootgen -image fsbl.bif -o /home/einsamer-wolf/Vivado/proj/anon_pr_1/proj/sdk/bootimage/BOOT.bin -w on
16:34:29 INFO  : Overwriting existing bif file /home/einsamer-wolf/Vivado/proj/anon_pr_1/proj/sdk/bootimage/fsbl.bif
16:34:29 INFO  : Bootgen command execution is done.
16:44:19 INFO  : Invoking Bootgen: bootgen -image fsbl.bif -o /home/einsamer-wolf/Vivado/proj/anon_pr_1/proj/sdk/bootimage/BOOT.bin -w on
16:44:19 INFO  : Overwriting existing bif file /home/einsamer-wolf/Vivado/proj/anon_pr_1/proj/sdk/bootimage/fsbl.bif
16:44:20 INFO  : Bootgen command execution is done.
16:49:58 INFO  : Invoking Bootgen: bootgen -image fsbl.bif -o /home/einsamer-wolf/Vivado/proj/anon_pr_1/proj/sdk/bootimage/BOOT.bin -w on
16:49:58 INFO  : Overwriting existing bif file /home/einsamer-wolf/Vivado/proj/anon_pr_1/proj/sdk/bootimage/fsbl.bif
16:49:58 INFO  : Bootgen command execution is done.
16:59:30 INFO  : Invoking Bootgen: bootgen -image fsbl.bif -o /home/einsamer-wolf/Vivado/proj/anon_pr_1/proj/sdk/bootimage/BOOT.bin -w on
16:59:30 INFO  : Overwriting existing bif file /home/einsamer-wolf/Vivado/proj/anon_pr_1/proj/sdk/bootimage/fsbl.bif
16:59:30 INFO  : Bootgen command execution is done.
17:12:41 INFO  : Invoking Bootgen: bootgen -image fsbl.bif -o /home/einsamer-wolf/Vivado/proj/anon_pr_1/proj/sdk/bootimage/BOOT.bin -w on
17:12:41 INFO  : Overwriting existing bif file /home/einsamer-wolf/Vivado/proj/anon_pr_1/proj/sdk/bootimage/fsbl.bif
17:12:42 INFO  : Bootgen command execution is done.
17:14:30 INFO  : Invoking Bootgen: bootgen -image fsbl.bif -o /home/einsamer-wolf/Vivado/proj/anon_pr_1/proj/sdk/bootimage/BOOT.bin -w on
17:14:30 INFO  : Overwriting existing bif file /home/einsamer-wolf/Vivado/proj/anon_pr_1/proj/sdk/bootimage/fsbl.bif
17:14:30 INFO  : Bootgen command execution is done.
17:18:30 INFO  : Invoking Bootgen: bootgen -image fsbl.bif -o /home/einsamer-wolf/Vivado/proj/anon_pr_1/proj/sdk/bootimage/BOOT.bin -w on
17:18:30 INFO  : Overwriting existing bif file /home/einsamer-wolf/Vivado/proj/anon_pr_1/proj/sdk/bootimage/fsbl.bif
17:18:31 INFO  : Bootgen command execution is done.
17:23:40 INFO  : Invoking Bootgen: bootgen -image fsbl.bif -o /home/einsamer-wolf/Vivado/proj/anon_pr_1/proj/sdk/bootimage/BOOT.bin -w on
17:23:40 INFO  : Overwriting existing bif file /home/einsamer-wolf/Vivado/proj/anon_pr_1/proj/sdk/bootimage/fsbl.bif
17:23:41 INFO  : Bootgen command execution is done.
17:26:37 INFO  : Invoking Bootgen: bootgen -image fsbl.bif -o /home/einsamer-wolf/Vivado/proj/anon_pr_1/proj/sdk/bootimage/BOOT.bin -w on
17:26:37 INFO  : Overwriting existing bif file /home/einsamer-wolf/Vivado/proj/anon_pr_1/proj/sdk/bootimage/fsbl.bif
17:26:37 INFO  : Bootgen command execution is done.
17:28:53 INFO  : Invoking Bootgen: bootgen -image fsbl.bif -o /home/einsamer-wolf/Vivado/proj/anon_pr_1/proj/sdk/bootimage/BOOT.bin -w on
17:28:53 INFO  : Overwriting existing bif file /home/einsamer-wolf/Vivado/proj/anon_pr_1/proj/sdk/bootimage/fsbl.bif
17:28:53 INFO  : Bootgen command execution is done.
17:32:23 INFO  : Invoking Bootgen: bootgen -image fsbl.bif -o /home/einsamer-wolf/Vivado/proj/anon_pr_1/proj/sdk/bootimage/BOOT.bin -w on
17:32:23 INFO  : Overwriting existing bif file /home/einsamer-wolf/Vivado/proj/anon_pr_1/proj/sdk/bootimage/fsbl.bif
17:32:23 INFO  : Bootgen command execution is done.
17:34:11 INFO  : Invoking Bootgen: bootgen -image fsbl.bif -o /home/einsamer-wolf/Vivado/proj/anon_pr_1/proj/sdk/bootimage/BOOT.bin -w on
17:34:11 INFO  : Overwriting existing bif file /home/einsamer-wolf/Vivado/proj/anon_pr_1/proj/sdk/bootimage/fsbl.bif
17:34:12 INFO  : Bootgen command execution is done.
18:01:20 INFO  : Invoking Bootgen: bootgen -image fsbl.bif -o /home/einsamer-wolf/Vivado/proj/anon_pr_1/proj/sdk/bootimage/BOOT.bin -w on
18:01:20 INFO  : Overwriting existing bif file /home/einsamer-wolf/Vivado/proj/anon_pr_1/proj/sdk/bootimage/fsbl.bif
18:01:21 INFO  : Bootgen command execution is done.
18:04:32 INFO  : Invoking Bootgen: bootgen -image fsbl.bif -o /home/einsamer-wolf/Vivado/proj/anon_pr_1/proj/sdk/bootimage/BOOT.bin -w on
18:04:32 INFO  : Overwriting existing bif file /home/einsamer-wolf/Vivado/proj/anon_pr_1/proj/sdk/bootimage/fsbl.bif
18:04:32 INFO  : Bootgen command execution is done.
18:11:29 INFO  : Invoking Bootgen: bootgen -image fsbl.bif -o /home/einsamer-wolf/Vivado/proj/anon_pr_1/proj/sdk/bootimage/BOOT.bin -w on
18:11:29 INFO  : Overwriting existing bif file /home/einsamer-wolf/Vivado/proj/anon_pr_1/proj/sdk/bootimage/fsbl.bif
18:11:29 INFO  : Bootgen command execution is done.
18:14:30 INFO  : Invoking Bootgen: bootgen -image fsbl.bif -o /home/einsamer-wolf/Vivado/proj/anon_pr_1/proj/sdk/bootimage/BOOT.bin -w on
18:14:30 INFO  : Overwriting existing bif file /home/einsamer-wolf/Vivado/proj/anon_pr_1/proj/sdk/bootimage/fsbl.bif
18:14:30 INFO  : Bootgen command execution is done.
18:19:41 INFO  : Invoking Bootgen: bootgen -image fsbl.bif -o /home/einsamer-wolf/Vivado/proj/anon_pr_1/proj/sdk/bootimage/BOOT.bin -w on
18:19:41 INFO  : Overwriting existing bif file /home/einsamer-wolf/Vivado/proj/anon_pr_1/proj/sdk/bootimage/fsbl.bif
18:19:41 INFO  : Bootgen command execution is done.
18:31:18 INFO  : Invoking Bootgen: bootgen -image fsbl.bif -o /home/einsamer-wolf/Vivado/proj/anon_pr_1/proj/sdk/bootimage/BOOT.bin -w on
18:31:18 INFO  : Overwriting existing bif file /home/einsamer-wolf/Vivado/proj/anon_pr_1/proj/sdk/bootimage/fsbl.bif
18:31:18 INFO  : Bootgen command execution is done.
18:42:52 INFO  : Invoking Bootgen: bootgen -image fsbl.bif -o /home/einsamer-wolf/Vivado/proj/anon_pr_1/proj/sdk/bootimage/BOOT.bin -w on
18:42:52 INFO  : Overwriting existing bif file /home/einsamer-wolf/Vivado/proj/anon_pr_1/proj/sdk/bootimage/fsbl.bif
18:42:52 INFO  : Bootgen command execution is done.
18:46:44 INFO  : Invoking Bootgen: bootgen -image fsbl.bif -o /home/einsamer-wolf/Vivado/proj/anon_pr_1/proj/sdk/bootimage/BOOT.bin -w on
18:46:44 INFO  : Overwriting existing bif file /home/einsamer-wolf/Vivado/proj/anon_pr_1/proj/sdk/bootimage/fsbl.bif
18:46:45 INFO  : Bootgen command execution is done.
12:41:50 INFO  : Invoking Bootgen: bootgen -image fsbl.bif -o /home/einsamer-wolf/Vivado/proj/anon_pr_1/proj/sdk/bootimage/BOOT.bin -w on
12:41:50 INFO  : Overwriting existing bif file /home/einsamer-wolf/Vivado/proj/anon_pr_1/proj/sdk/bootimage/fsbl.bif
12:41:50 INFO  : Bootgen command execution is done.
12:45:19 INFO  : Invoking Bootgen: bootgen -image fsbl.bif -o /home/einsamer-wolf/Vivado/proj/anon_pr_1/proj/sdk/bootimage/BOOT.bin -w on
12:45:19 INFO  : Overwriting existing bif file /home/einsamer-wolf/Vivado/proj/anon_pr_1/proj/sdk/bootimage/fsbl.bif
12:45:19 INFO  : Bootgen command execution is done.
12:52:44 INFO  : Invoking Bootgen: bootgen -image fsbl.bif -o /home/einsamer-wolf/Vivado/proj/anon_pr_1/proj/sdk/bootimage/BOOT.bin -w on
12:52:44 INFO  : Overwriting existing bif file /home/einsamer-wolf/Vivado/proj/anon_pr_1/proj/sdk/bootimage/fsbl.bif
12:52:44 INFO  : Bootgen command execution is done.
13:02:22 INFO  : Invoking Bootgen: bootgen -image fsbl.bif -o /home/einsamer-wolf/Vivado/proj/anon_pr_1/proj/sdk/bootimage/BOOT.bin -w on
13:02:22 INFO  : Overwriting existing bif file /home/einsamer-wolf/Vivado/proj/anon_pr_1/proj/sdk/bootimage/fsbl.bif
13:02:23 INFO  : Bootgen command execution is done.
16:37:50 INFO  : Invoking Bootgen: bootgen -image fsbl.bif -o /home/einsamer-wolf/Vivado/proj/anon_pr_1/proj/sdk/fsbl/bootimage/BOOT.bin
16:37:50 INFO  : Creating new bif file /home/einsamer-wolf/Vivado/proj/anon_pr_1/proj/sdk/fsbl/bootimage/fsbl.bif
16:37:51 INFO  : Bootgen command execution is done.
16:38:14 INFO  : Invoking Bootgen: bootgen -image fsbl.bif -o /home/einsamer-wolf/Vivado/proj/anon_pr_1/proj/sdk/bootimage/BOOT.bin -w on
16:38:15 INFO  : Bootgen command execution is done.
16:58:09 INFO  : Invoking Bootgen: bootgen -image fsbl.bif -o /home/einsamer-wolf/Vivado/proj/anon_pr_1/proj/sdk/bootimage/BOOT.bin -w on
16:58:10 INFO  : Bootgen command execution is done.
17:01:28 INFO  : Invoking Bootgen: bootgen -image fsbl.bif -o /home/einsamer-wolf/Vivado/proj/anon_pr_1/proj/sdk/bootimage/BOOT.bin -w on
17:01:28 INFO  : Overwriting existing bif file /home/einsamer-wolf/Vivado/proj/anon_pr_1/proj/sdk/bootimage/fsbl.bif
17:01:29 INFO  : Bootgen command execution is done.
17:05:07 INFO  : Invoking Bootgen: bootgen -image fsbl.bif -o /home/einsamer-wolf/Vivado/proj/anon_pr_1/proj/sdk/bootimage/BOOT.bin -w on
17:05:08 INFO  : Bootgen command execution is done.
17:09:01 INFO  : Invoking Bootgen: bootgen -image fsbl.bif -o /home/einsamer-wolf/Vivado/proj/anon_pr_1/proj/sdk/bootimage/BOOT.bin -w on
17:09:01 INFO  : Bootgen command execution is done.
17:34:53 INFO  : Invoking Bootgen: bootgen -image fsbl.bif -o /home/einsamer-wolf/Vivado/proj/anon_pr_1/proj/sdk/bootimage/BOOT.bin -w on
17:34:54 INFO  : Bootgen command execution is done.
17:37:54 INFO  : Invoking Bootgen: bootgen -image fsbl.bif -o /home/einsamer-wolf/Vivado/proj/anon_pr_1/proj/sdk/bootimage/BOOT.bin -w on
17:37:54 INFO  : Bootgen command execution is done.
17:57:45 INFO  : Invoking Bootgen: bootgen -image fsbl.bif -o /home/einsamer-wolf/Vivado/proj/anon_pr_1/proj/sdk/bootimage/BOOT.bin -w on
17:57:46 INFO  : Bootgen command execution is done.
19:18:40 INFO  : Invoking Bootgen: bootgen -image fsbl.bif -o /home/einsamer-wolf/Vivado/proj/anon_pr_1/proj/sdk/bootimage/BOOT.bin -w on
19:18:40 INFO  : Bootgen command execution is done.
14:05:42 INFO  : Launching XSDB server: xsdb -n /opt/Xilinx/SDK/2015.3/scripts/xsdb/xsdb/xsdb-server.tcl
14:05:45 INFO  : XSDB server has started successfully.
14:05:48 INFO  : Restoring local repository preferences: 
		 /home/einsamer-wolf/zynq_os/device-tree-xlnx
14:05:54 INFO  : BSP Project P/device_tree_bsp_0 has been successfully migrated.
14:10:20 INFO  : Invoking Bootgen: bootgen -image fsbl.bif -o /home/einsamer-wolf/Vivado/proj/anon_pr_1/proj/sdk/bootimage/BOOT.bin -w on
14:10:21 INFO  : Bootgen command execution is done.
14:30:33 INFO  : Invoking Bootgen: bootgen -image fsbl.bif -o /home/einsamer-wolf/Vivado/proj/anon_pr_1/proj/sdk/bootimage/BOOT.bin -w on
14:30:33 INFO  : Overwriting existing bif file /home/einsamer-wolf/Vivado/proj/anon_pr_1/proj/sdk/bootimage/fsbl.bif
14:30:34 INFO  : Bootgen command execution is done.
14:57:48 INFO  : Invoking Bootgen: bootgen -image fsbl.bif -o /home/einsamer-wolf/Vivado/proj/anon_pr_1/proj/sdk/bootimage/BOOT.bin -w on
14:57:49 INFO  : Bootgen command execution is done.
15:00:16 INFO  : Invoking Bootgen: bootgen -image fsbl.bif -o /home/einsamer-wolf/Vivado/proj/anon_pr_1/proj/sdk/bootimage/BOOT.bin -w on
15:00:16 INFO  : Overwriting existing bif file /home/einsamer-wolf/Vivado/proj/anon_pr_1/proj/sdk/bootimage/fsbl.bif
15:00:17 INFO  : Bootgen command execution is done.
15:12:59 INFO  : Invoking Bootgen: bootgen -image fsbl.bif -o /home/einsamer-wolf/Vivado/proj/anon_pr_1/proj/sdk/bootimage/BOOT.bin -w on
15:12:59 INFO  : Overwriting existing bif file /home/einsamer-wolf/Vivado/proj/anon_pr_1/proj/sdk/bootimage/fsbl.bif
15:12:59 INFO  : Bootgen command execution is done.
15:16:08 INFO  : Invoking Bootgen: bootgen -image fsbl.bif -o /home/einsamer-wolf/Vivado/proj/anon_pr_1/proj/sdk/bootimage/BOOT.bin -w on
15:16:08 INFO  : Bootgen command execution is done.
15:18:05 INFO  : Invoking Bootgen: bootgen -image fsbl.bif -o /home/einsamer-wolf/Vivado/proj/anon_pr_1/proj/sdk/fsbl/bootimage/BOOT.bin -w on
15:18:05 INFO  : Overwriting existing bif file /home/einsamer-wolf/Vivado/proj/anon_pr_1/proj/sdk/fsbl/bootimage/fsbl.bif
15:18:05 INFO  : Bootgen command execution is done.
15:18:47 INFO  : Invoking Bootgen: bootgen -image fsbl.bif -o /home/einsamer-wolf/Vivado/proj/anon_pr_1/proj/sdk/bootimage/BOOT.bin -w on
15:18:47 INFO  : Overwriting existing bif file /home/einsamer-wolf/Vivado/proj/anon_pr_1/proj/sdk/bootimage/fsbl.bif
15:18:48 INFO  : Bootgen command execution is done.
15:23:29 INFO  : Invoking Bootgen: bootgen -image fsbl.bif -o /home/einsamer-wolf/Vivado/proj/anon_pr_1/proj/sdk/bootimage/BOOT.bin -w on
15:23:29 INFO  : Overwriting existing bif file /home/einsamer-wolf/Vivado/proj/anon_pr_1/proj/sdk/bootimage/fsbl.bif
15:23:29 INFO  : Bootgen command execution is done.
15:25:55 INFO  : Invoking Bootgen: bootgen -image fsbl2.bif -o /home/einsamer-wolf/Vivado/proj/anon_pr_1/proj/sdk/bootimage/BOOT.bin -w on
15:25:55 INFO  : Creating new bif file /home/einsamer-wolf/Vivado/proj/anon_pr_1/proj/sdk/bootimage/fsbl2.bif
15:25:56 INFO  : Bootgen command execution is done.
15:46:11 INFO  : Invoking Bootgen: bootgen -image fsbl.bif -o /home/einsamer-wolf/Vivado/proj/anon_pr_1/proj/sdk/bootimage/BOOT.bin -w on
15:46:11 INFO  : Bootgen command execution is done.
15:48:56 INFO  : Invoking Bootgen: bootgen -image fsbl.bif -o /home/einsamer-wolf/Vivado/proj/anon_pr_1/proj/sdk/bootimage/BOOT.bin -w on
15:48:57 INFO  : Bootgen command execution is done.
16:55:08 INFO  : Invoking Bootgen: bootgen -image fsbl.bif -o /home/einsamer-wolf/Vivado/proj/anon_pr_1/proj/sdk/bootimage/BOOT.bin -w on
16:55:09 INFO  : Bootgen command execution is done.
17:10:55 INFO  : Launching XSDB server: xsdb -n /opt/Xilinx/SDK/2015.3/scripts/xsdb/xsdb/xsdb-server.tcl
17:10:56 INFO  : XSDB server has started successfully.
17:10:57 INFO  : Restoring local repository preferences: 
		 /home/einsamer-wolf/zynq_os/device-tree-xlnx
17:11:01 INFO  : BSP Project P/device_tree_bsp_0 has been successfully migrated.
17:11:02 INFO  : SDK has detected change in the last modified timestamps for source hardware specification file Source:1474704401000,  Project:1467019897000
17:11:02 INFO  : Project anon_pr_sdk's source hardware specification located at /home/einsamer-wolf/Vivado/proj/anon_pr_1/proj/sdk/anon_pr.hdf is now different from the local copy.
		 The local copy will be replaced with the source specification and your workspace will be updated.
17:11:04 INFO  : Copied contents of /home/einsamer-wolf/Vivado/proj/anon_pr_1/proj/sdk/anon_pr.hdf into /anon_pr_sdk/system.hdf.
17:11:07 INFO  : Synchronizing projects in the workspace with the hardware platform specification changes.
17:11:09 INFO  : 
17:11:11 ERROR : (XSDB Server)ERROR: [Hsi 55-1545] Problem running tcl command ::sw_axi_dma::generate : ERROR: axi_dma_0: mm2s_introut port is not connected
    while executing
"error "ERROR: ${drv_handle}: mm2s_introut port is not connected""
    (procedure "::sw_axi_dma::generate" line 49)
    invoked from within
"::sw_axi_dma::generate axi_dma_0"
ERROR: [Hsi 55-1442] Error(s) while running TCL procedure generate()

17:11:11 ERROR : (XSDB Server)ERROR: [Hsi 55-1450] Error: running generate_bsp.

17:11:11 ERROR : Failed to call sync_sw_with_hw_change
Reason: ERROR: [Common 17-39] 'hsi::generate_bsp' failed due to earlier errors.

17:11:11 ERROR : Error updating BSP project MSS files.
17:11:12 INFO  : Updating hardware inferred compiler options for anon_pr_app.
17:11:13 INFO  : Updating hardware inferred compiler options for fsbl2.
17:11:13 INFO  : Updating hardware inferred compiler options for fsbl.
17:11:13 INFO  : Clearing existing target manager status.
17:13:13 INFO  : Invoking Bootgen: bootgen -image fsbl.bif -o /home/einsamer-wolf/Vivado/proj/anon_pr_1/proj/sdk/bootimage/BOOT.bin -w on
17:13:14 INFO  : Bootgen command execution is done.
17:31:18 INFO  : Invoking Bootgen: bootgen -image fsbl.bif -o /home/einsamer-wolf/Vivado/proj/anon_pr_1/proj/sdk/bootimage/BOOT.bin -w on
17:31:19 INFO  : Bootgen command execution is done.
17:53:42 INFO  : Invoking Bootgen: bootgen -image fsbl.bif -o /home/einsamer-wolf/Vivado/proj/anon_pr_1/proj/sdk/bootimage/BOOT.bin -w on
17:53:42 INFO  : Bootgen command execution is done.
17:57:33 INFO  : Invoking Bootgen: bootgen -image fsbl.bif -o /home/einsamer-wolf/Vivado/proj/anon_pr_1/proj/sdk/bootimage/BOOT.bin -w on
17:57:33 INFO  : Bootgen command execution is done.
18:04:04 INFO  : Invoking Bootgen: bootgen -image fsbl.bif -o /home/einsamer-wolf/Vivado/proj/anon_pr_1/proj/sdk/bootimage/BOOT.bin -w on
18:04:05 INFO  : Bootgen command execution is done.
18:23:26 ERROR : Unexpected error while parsing XMD response ￿: com.google.gson.JsonSyntaxException: com.google.gson.stream.MalformedJsonException: invalid number or unquoted string near 
14:09:32 INFO  : Launching XSDB server: xsdb -n /opt/Xilinx/SDK/2015.3/scripts/xsdb/xsdb/xsdb-server.tcl
14:09:33 INFO  : XSDB server has started successfully.
14:09:33 INFO  : Restoring local repository preferences: 
		 /home/einsamer-wolf/zynq_os/device-tree-xlnx
14:09:36 ERROR : (XSDB Server)ERROR: [Hsi 55-1545] Problem running tcl command ::sw_axi_dma::generate : ERROR: axi_dma_0: mm2s_introut port is not connected
    while executing
"error "ERROR: ${drv_handle}: mm2s_introut port is not connected""
    (procedure "::sw_axi_dma::generate" line 49)
    invoked from within
"::sw_axi_dma::generate axi_dma_0"
ERROR: [Hsi 55-1442] Error(s) while running TCL procedure generate()

14:09:36 ERROR : (XSDB Server)ERROR: [Hsi 55-1450] Error: running generate_bsp.

14:09:37 ERROR : Failed in generating sources
14:09:37 INFO  : BSP Project P/device_tree_bsp_0 has been successfully migrated.
15:06:06 INFO  : Invoking Bootgen: bootgen -image fsbl.bif -o /home/einsamer-wolf/Vivado/proj/anon_pr_1/proj/sdk/bootimage/BOOT.bin -w on
15:06:07 INFO  : Bootgen command execution is done.
15:14:00 INFO  : Invoking Bootgen: bootgen -image fsbl.bif -o /home/einsamer-wolf/Vivado/proj/anon_pr_1/proj/sdk/bootimage/BOOT.bin -w on
15:14:01 INFO  : Bootgen command execution is done.
16:27:36 INFO  : Invoking Bootgen: bootgen -image fsbl.bif -o /home/einsamer-wolf/Vivado/proj/anon_pr_1/proj/sdk/bootimage/BOOT.bin -w on
16:27:37 INFO  : Bootgen command execution is done.
16:31:05 INFO  : Invoking Bootgen: bootgen -image fsbl.bif -o /home/einsamer-wolf/Vivado/proj/anon_pr_1/proj/sdk/bootimage/BOOT.bin -w on
16:31:06 INFO  : Bootgen command execution is done.
16:39:57 INFO  : Invoking Bootgen: bootgen -image fsbl.bif -o /home/einsamer-wolf/Vivado/proj/anon_pr_1/proj/sdk/bootimage/BOOT.bin -w on
16:39:58 INFO  : Bootgen command execution is done.
16:42:09 INFO  : Invoking Bootgen: bootgen -image fsbl.bif -o /home/einsamer-wolf/Vivado/proj/anon_pr_1/proj/sdk/bootimage/BOOT.bin -w on
16:42:09 INFO  : Bootgen command execution is done.
16:46:01 INFO  : Invoking Bootgen: bootgen -image fsbl.bif -o /home/einsamer-wolf/Vivado/proj/anon_pr_1/proj/sdk/bootimage/BOOT.bin -w on
16:46:02 INFO  : Bootgen command execution is done.
16:49:15 INFO  : Invoking Bootgen: bootgen -image fsbl.bif -o /home/einsamer-wolf/Vivado/proj/anon_pr_1/proj/sdk/bootimage/BOOT.bin -w on
16:49:15 INFO  : Bootgen command execution is done.
10:46:01 INFO  : Invoking Bootgen: bootgen -image fsbl.bif -o /home/einsamer-wolf/Vivado/proj/anon_pr_1/proj/sdk/bootimage/BOOT.bin -w on
10:46:02 INFO  : Bootgen command execution is done.
18:39:01 INFO  : Launching XSDB server: xsdb -n /opt/Xilinx/SDK/2015.3/scripts/xsdb/xsdb/xsdb-server.tcl
18:39:02 INFO  : XSDB server has started successfully.
18:39:03 INFO  : Restoring local repository preferences: 
		 /home/einsamer-wolf/zynq_os/device-tree-xlnx
18:39:06 ERROR : (XSDB Server)ERROR: [Hsi 55-1545] Problem running tcl command ::sw_axi_dma::generate : ERROR: axi_dma_0: mm2s_introut port is not connected
    while executing
"error "ERROR: ${drv_handle}: mm2s_introut port is not connected""
    (procedure "::sw_axi_dma::generate" line 49)
    invoked from within
"::sw_axi_dma::generate axi_dma_0"
ERROR: [Hsi 55-1442] Error(s) while running TCL procedure generate()

18:39:06 ERROR : (XSDB Server)ERROR: [Hsi 55-1450] Error: running generate_bsp.

18:39:06 ERROR : Failed in generating sources
18:39:06 INFO  : BSP Project P/device_tree_bsp_0 has been successfully migrated.
13:05:22 INFO  : Launching XSDB server: xsdb -n /opt/Xilinx/SDK/2015.3/scripts/xsdb/xsdb/xsdb-server.tcl
13:05:23 INFO  : XSDB server has started successfully.
13:05:24 INFO  : Restoring local repository preferences: 
		 /home/einsamer-wolf/zynq_os/device-tree-xlnx
13:05:27 ERROR : (XSDB Server)ERROR: [Hsi 55-1545] Problem running tcl command ::sw_axi_dma::generate : ERROR: axi_dma_0: mm2s_introut port is not connected
    while executing
"error "ERROR: ${drv_handle}: mm2s_introut port is not connected""
    (procedure "::sw_axi_dma::generate" line 49)
    invoked from within
"::sw_axi_dma::generate axi_dma_0"
ERROR: [Hsi 55-1442] Error(s) while running TCL procedure generate()

13:05:27 ERROR : (XSDB Server)ERROR: [Hsi 55-1450] Error: running generate_bsp.

13:05:27 ERROR : Failed in generating sources
13:05:27 INFO  : BSP Project P/device_tree_bsp_0 has been successfully migrated.
16:12:30 INFO  : Launching XSDB server: xsdb -n /opt/Xilinx/SDK/2015.3/scripts/xsdb/xsdb/xsdb-server.tcl
16:12:31 INFO  : XSDB server has started successfully.
16:12:32 INFO  : Restoring local repository preferences: 
		 /home/einsamer-wolf/zynq_os/device-tree-xlnx
16:12:35 ERROR : (XSDB Server)ERROR: [Hsi 55-1545] Problem running tcl command ::sw_axi_dma::generate : ERROR: axi_dma_0: mm2s_introut port is not connected
    while executing
"error "ERROR: ${drv_handle}: mm2s_introut port is not connected""
    (procedure "::sw_axi_dma::generate" line 49)
    invoked from within
"::sw_axi_dma::generate axi_dma_0"
ERROR: [Hsi 55-1442] Error(s) while running TCL procedure generate()

16:12:35 ERROR : (XSDB Server)ERROR: [Hsi 55-1450] Error: running generate_bsp.

16:12:35 ERROR : Failed in generating sources
16:12:35 INFO  : BSP Project P/device_tree_bsp_0 has been successfully migrated.
16:25:03 INFO  : Invoking Bootgen: bootgen -image fsbl3.bif -o /home/einsamer-wolf/Vivado/proj/anon_pr_1/proj/sdk/bootimage/BOOT.bin -w on
16:25:03 INFO  : Creating new bif file /home/einsamer-wolf/Vivado/proj/anon_pr_1/proj/sdk/bootimage/fsbl3.bif
16:25:03 INFO  : Bootgen command execution is done.
09:30:58 INFO  : Launching XSDB server: xsdb -n /opt/Xilinx/SDK/2015.3/scripts/xsdb/xsdb/xsdb-server.tcl
09:30:59 INFO  : XSDB server has started successfully.
09:30:59 INFO  : Restoring local repository preferences: 
		 /home/einsamer-wolf/zynq_os/device-tree-xlnx
09:31:02 ERROR : (XSDB Server)ERROR: [Hsi 55-1545] Problem running tcl command ::sw_axi_dma::generate : ERROR: axi_dma_0: mm2s_introut port is not connected
    while executing
"error "ERROR: ${drv_handle}: mm2s_introut port is not connected""
    (procedure "::sw_axi_dma::generate" line 49)
    invoked from within
"::sw_axi_dma::generate axi_dma_0"
ERROR: [Hsi 55-1442] Error(s) while running TCL procedure generate()

09:31:02 ERROR : (XSDB Server)ERROR: [Hsi 55-1450] Error: running generate_bsp.

09:31:02 ERROR : Failed in generating sources
09:31:02 INFO  : BSP Project P/device_tree_bsp_0 has been successfully migrated.
13:16:32 INFO  : Launching XSDB server: xsdb -n /opt/Xilinx/SDK/2015.3/scripts/xsdb/xsdb/xsdb-server.tcl
13:16:33 INFO  : XSDB server has started successfully.
13:16:33 INFO  : Restoring local repository preferences: 
		 /home/einsamer-wolf/zynq_os/device-tree-xlnx
13:16:36 ERROR : (XSDB Server)ERROR: [Hsi 55-1545] Problem running tcl command ::sw_axi_dma::generate : ERROR: axi_dma_0: mm2s_introut port is not connected
    while executing
"error "ERROR: ${drv_handle}: mm2s_introut port is not connected""
    (procedure "::sw_axi_dma::generate" line 49)
    invoked from within
"::sw_axi_dma::generate axi_dma_0"
ERROR: [Hsi 55-1442] Error(s) while running TCL procedure generate()

13:16:36 ERROR : (XSDB Server)ERROR: [Hsi 55-1450] Error: running generate_bsp.

13:16:36 ERROR : Failed in generating sources
13:16:36 INFO  : BSP Project P/device_tree_bsp_0 has been successfully migrated.
11:39:36 INFO  : Launching XSDB server: xsdb -n /opt/Xilinx/SDK/2015.3/scripts/xsdb/xsdb/xsdb-server.tcl
11:39:37 INFO  : XSDB server has started successfully.
11:39:37 INFO  : Restoring local repository preferences: 
		 /home/einsamer-wolf/zynq_os/device-tree-xlnx
11:39:41 ERROR : (XSDB Server)ERROR: [Hsi 55-1545] Problem running tcl command ::sw_axi_dma::generate : ERROR: axi_dma_0: mm2s_introut port is not connected
    while executing
"error "ERROR: ${drv_handle}: mm2s_introut port is not connected""
    (procedure "::sw_axi_dma::generate" line 49)
    invoked from within
"::sw_axi_dma::generate axi_dma_0"
ERROR: [Hsi 55-1442] Error(s) while running TCL procedure generate()

11:39:41 ERROR : (XSDB Server)ERROR: [Hsi 55-1450] Error: running generate_bsp.

11:39:41 ERROR : Failed in generating sources
11:39:41 INFO  : BSP Project P/device_tree_bsp_0 has been successfully migrated.
15:34:43 INFO  : Launching XSDB server: xsdb -n /opt/Xilinx/SDK/2015.3/scripts/xsdb/xsdb/xsdb-server.tcl
15:34:44 INFO  : XSDB server has started successfully.
15:34:44 INFO  : Restoring local repository preferences: 
		 /home/einsamer-wolf/zynq_os/device-tree-xlnx
15:34:48 ERROR : (XSDB Server)ERROR: [Hsi 55-1545] Problem running tcl command ::sw_axi_dma::generate : ERROR: axi_dma_0: mm2s_introut port is not connected
    while executing
"error "ERROR: ${drv_handle}: mm2s_introut port is not connected""
    (procedure "::sw_axi_dma::generate" line 49)
    invoked from within
"::sw_axi_dma::generate axi_dma_0"
ERROR: [Hsi 55-1442] Error(s) while running TCL procedure generate()

15:34:48 ERROR : (XSDB Server)ERROR: [Hsi 55-1450] Error: running generate_bsp.

15:34:48 ERROR : Failed in generating sources
15:34:48 INFO  : BSP Project P/device_tree_bsp_0 has been successfully migrated.
18:29:21 INFO  : Launching XSDB server: xsdb -n /opt/Xilinx/SDK/2015.3/scripts/xsdb/xsdb/xsdb-server.tcl
18:29:24 INFO  : XSDB server has started successfully.
18:29:25 INFO  : Restoring local repository preferences: 
		 /home/einsamer-wolf/zynq_os/device-tree-xlnx
18:29:30 ERROR : (XSDB Server)ERROR: [Hsi 55-1545] Problem running tcl command ::sw_axi_dma::generate : ERROR: axi_dma_0: mm2s_introut port is not connected
    while executing
"error "ERROR: ${drv_handle}: mm2s_introut port is not connected""
    (procedure "::sw_axi_dma::generate" line 49)
    invoked from within
"::sw_axi_dma::generate axi_dma_0"
ERROR: [Hsi 55-1442] Error(s) while running TCL procedure generate()

18:29:30 ERROR : (XSDB Server)ERROR: [Hsi 55-1450] Error: running generate_bsp.

18:29:30 ERROR : Failed in generating sources
18:29:30 INFO  : BSP Project P/device_tree_bsp_0 has been successfully migrated.
