#-----------------------------------------------------------
# Webtalk v2015.3 (64-bit)
# SW Build 1368829 on Mon Sep 28 20:06:39 MDT 2015
# 
# Start of session at: Tue Jul  5 11:11:06 2016
# Process ID: 35523
# Current directory: /home/einsamer-wolf/Vivado/proj/anon_pr_1/proj/sdk/webtalk
# Command line: wbtcv -mode batch -source sdk_webtalk.tcl
# Log file: /home/einsamer-wolf/Vivado/proj/anon_pr_1/proj/sdk/webtalk/webtalk.log
# Journal file: /home/einsamer-wolf/Vivado/proj/anon_pr_1/proj/sdk/webtalk/webtalk.jou
#-----------------------------------------------------------
source sdk_webtalk.tcl
# webtalk_init -webtalk_dir /home/einsamer-wolf/Vivado/proj/anon_pr_1/proj/sdk/webtalk
# webtalk_register_client -client project
# webtalk_add_data -client project -key date_generated -value "火 7 5 11:11:06 2016" -context "software_version_and_target_device"
# webtalk_add_data -client project -key product_version -value "SDK v2015.3" -context "software_version_and_target_device"
# webtalk_add_data -client project -key build_version -value "2015.3" -context "software_version_and_target_device"
# webtalk_add_data -client project -key os_platform -value "amd64" -context "software_version_and_target_device"
# webtalk_add_data -client project -key registration_id -value "" -context "software_version_and_target_device"
# webtalk_add_data -client project -key tool_flow -value "SDK" -context "software_version_and_target_device"
# webtalk_add_data -client project -key beta -value "false" -context "software_version_and_target_device"
# webtalk_add_data -client project -key route_design -value "NA" -context "software_version_and_target_device"
# webtalk_add_data -client project -key target_family -value "NA" -context "software_version_and_target_device"
# webtalk_add_data -client project -key target_device -value "NA" -context "software_version_and_target_device"
# webtalk_add_data -client project -key target_package -value "NA" -context "software_version_and_target_device"
# webtalk_add_data -client project -key target_speed -value "NA" -context "software_version_and_target_device"
# webtalk_add_data -client project -key random_id -value "unnfvrq8hvqn06itv21ehgrpgn" -context "software_version_and_target_device"
# webtalk_add_data -client project -key project_id -value "2015.3_13" -context "software_version_and_target_device"
# webtalk_add_data -client project -key project_iteration -value "13" -context "software_version_and_target_device"
# webtalk_add_data -client project -key os_name -value "" -context "user_environment"
# webtalk_add_data -client project -key os_release -value "" -context "user_environment"
# webtalk_add_data -client project -key cpu_name -value "" -context "user_environment"
# webtalk_add_data -client project -key cpu_speed -value "" -context "user_environment"
# webtalk_add_data -client project -key total_processors -value "" -context "user_environment"
# webtalk_add_data -client project -key system_ram -value "" -context "user_environment"
# webtalk_register_client -client sdk
# webtalk_add_data -client sdk -key uid -value "1467594657000" -context "sdk\\\\application/1467594657000"
# webtalk_add_data -client sdk -key os -value "linux" -context "sdk\\\\application/1467594657000"
# webtalk_add_data -client sdk -key apptemplate -value "linux_hello_world" -context "sdk\\\\application/1467594657000"
# webtalk_add_data -client sdk -key uid -value "1467595166000" -context "sdk\\\\application/1467595166000"
# webtalk_add_data -client sdk -key os -value "linux" -context "sdk\\\\application/1467595166000"
# webtalk_add_data -client sdk -key apptemplate -value "linux_hello_world" -context "sdk\\\\application/1467595166000"
# webtalk_add_data -client sdk -key uid -value "1467608515000" -context "sdk\\\\application/1467608515000"
# webtalk_add_data -client sdk -key os -value "linux" -context "sdk\\\\application/1467608515000"
# webtalk_add_data -client sdk -key apptemplate -value "linux_empty_app" -context "sdk\\\\application/1467608515000"
# webtalk_transmit -clientid 2055238269 -regid "" -xml /home/einsamer-wolf/Vivado/proj/anon_pr_1/proj/sdk/webtalk/usage_statistics_ext_sdk.xml -html /home/einsamer-wolf/Vivado/proj/anon_pr_1/proj/sdk/webtalk/usage_statistics_ext_sdk.html -wdm /home/einsamer-wolf/Vivado/proj/anon_pr_1/proj/sdk/webtalk/sdk_webtalk.wdm -intro "<H3>SDK Usage Report</H3><BR>"
# webtalk_terminate
INFO: [Common 17-206] Exiting Webtalk at Tue Jul  5 11:11:06 2016...
